   0  $accept : input $end

   1  input :
   2        | programa
   3        | programa error

   4  inicio_programa : ID

   5  programa : inicio_programa LBRACE lista_sentencias RBRACE
   6           | error LBRACE lista_sentencias RBRACE
   7           | inicio_programa LBRACE lista_sentencias error
   8           | inicio_programa lista_sentencias error

   9  lista_sentencias :
  10                   | lista_sentencias sentencia_declarativa
  11                   | lista_sentencias sentencia_ejecutable
  12                   | lista_sentencias error SEMICOLON

  13  lista_sentencias_sin_return :
  14                              | lista_sentencias_sin_return sentencia_declarativa
  15                              | lista_sentencias_sin_return sentencia_ejecutable_sin_return
  16                              | lista_sentencias_sin_return error SEMICOLON

  17  sentencia_declarativa : declaracion_funcion
  18                        | declaracion_variable

  19  declaracion_variable : VAR lista_variables SEMICOLON
  20                       | VAR SEMICOLON
  21                       | VAR error SEMICOLON

  22  identificador_completo : ID
  23                         | identificador_completo POINT ID

  24  lista_variables : identificador_completo
  25                  | lista_variables COMMA identificador_completo
  26                  | lista_variables error identificador_completo

  27  identificador_destino : identificador_completo

  28  lista_variables_destino : identificador_destino
  29                          | lista_variables_destino COMMA identificador_destino

  30  inicio_funcion : lista_tipos ID

  31  declaracion_funcion : inicio_funcion LPAREN parametros_formales RPAREN LBRACE lista_sentencias_sin_return sentencia_return lista_sentencias RBRACE
  32                      | inicio_funcion error LPAREN parametros_formales RPAREN LBRACE lista_sentencias_sin_return sentencia_return lista_sentencias RBRACE
  33                      | inicio_funcion LPAREN error RPAREN LBRACE lista_sentencias_sin_return sentencia_return lista_sentencias RBRACE
  34                      | inicio_funcion LPAREN parametros_formales RPAREN error lista_sentencias_sin_return sentencia_return lista_sentencias RBRACE
  35                      | lista_tipos LPAREN parametros_formales RPAREN LBRACE lista_sentencias_sin_return sentencia_return lista_sentencias error
  36                      | inicio_funcion LPAREN parametros_formales error LBRACE lista_sentencias_sin_return sentencia_return lista_sentencias RBRACE

  37  lista_tipos : tipo
  38              | lista_tipos COMMA tipo
  39              | lista_tipos tipo

  40  tipo : INT_KW
  41       | FLOAT_KW

  42  parametros_formales : parametro_formal
  43                      | parametros_formales error parametro_formal
  44                      | parametros_formales COMMA parametro_formal

  45  parametro_formal : tipo ID
  46                   | sem_pasaje tipo ID
  47                   | sem_pasaje ID
  48                   | ID

  49  sem_pasaje : CV LE_KW
  50             | CR LE_KW
  51             | CV error
  52             | CR error

  53  sentencia_return : RETURN LPAREN lista_expresiones RPAREN SEMICOLON

  54  sentencia_ejecutable : asignacion SEMICOLON
  55                       | sentencia_return
  56                       | sentencia_print SEMICOLON
  57                       | sentencia_if
  58                       | sentencia_for
  59                       | lambda_expresion

  60  sentencia_ejecutable_sin_return : asignacion SEMICOLON
  61                                  | sentencia_print SEMICOLON
  62                                  | sentencia_if
  63                                  | sentencia_for
  64                                  | lambda_expresion

  65  sentencia_print : PRINT LPAREN expresion RPAREN
  66                  | PRINT LPAREN error RPAREN

  67  lista_sentencias_ejecutables :
  68                               | lista_sentencias_ejecutables sentencia_ejecutable
  69                               | lista_sentencias_ejecutables error SEMICOLON

  70  bloque_sentencias_ejecutables : LBRACE lista_sentencias_ejecutables RBRACE

  71  resto_if : ENDIF SEMICOLON

  72  $$1 :

  73  resto_if : ELSE $$1 bloque_sentencias_ejecutables ENDIF SEMICOLON
  74           | error

  75  $$2 :

  76  sentencia_if : IF LPAREN condicion RPAREN $$2 bloque_sentencias_ejecutables resto_if
  77               | IF error condicion RPAREN bloque_sentencias_ejecutables resto_if
  78               | IF LPAREN condicion error bloque_sentencias_ejecutables resto_if
  79               | IF LPAREN condicion RPAREN error resto_if

  80  if_simple : IF LPAREN condicion RPAREN sentencia_ejecutable

  81  encabezado_for : FOR LPAREN identificador_destino FROM factor TO factor RPAREN

  82  sentencia_for : encabezado_for LBRACE lista_sentencias_ejecutables RBRACE SEMICOLON
  83                | FOR error identificador_destino FROM factor TO factor RPAREN bloque_sentencias_ejecutables SEMICOLON
  84                | FOR LPAREN error FROM factor TO factor RPAREN bloque_sentencias_ejecutables SEMICOLON
  85                | FOR LPAREN identificador_destino error factor TO factor RPAREN bloque_sentencias_ejecutables SEMICOLON
  86                | FOR LPAREN identificador_destino FROM error TO factor RPAREN bloque_sentencias_ejecutables SEMICOLON
  87                | FOR LPAREN identificador_destino FROM factor error factor RPAREN bloque_sentencias_ejecutables SEMICOLON
  88                | FOR LPAREN identificador_destino FROM factor TO error RPAREN bloque_sentencias_ejecutables SEMICOLON
  89                | FOR LPAREN identificador_destino FROM factor TO factor error bloque_sentencias_ejecutables SEMICOLON
  90                | FOR error SEMICOLON

  91  condicion : expresion operador_comparacion expresion
  92            | expresion expresion
  93            | error operador_comparacion expresion
  94            | expresion operador_comparacion error

  95  operador_comparacion : EQ
  96                       | NEQ
  97                       | LT
  98                       | LE_OP
  99                       | GT
 100                       | GE

 101  asignacion : identificador_destino ASSIGN_COLON expresion
 102             | lista_variables_destino ASSIGN lista_expresiones

 103  lista_expresiones : expresion
 104                    | lista_expresiones COMMA expresion
 105                    | lista_expresiones error expresion

 106  expresion : termino
 107            | expresion PLUS termino
 108            | expresion PLUS error
 109            | expresion MINUS termino
 110            | expresion MINUS error

 111  termino : factor
 112          | termino STAR factor
 113          | termino STAR error
 114          | termino SLASH factor
 115          | termino SLASH error

 116  factor : identificador_completo
 117         | INT16
 118         | FLOAT32
 119         | STRING
 120         | invocacion_funcion
 121         | conversion_tof

 122  invocacion_funcion : ID LPAREN parametros_reales RPAREN

 123  conversion_tof : TOF LPAREN expresion RPAREN
 124                 | TOF error expresion RPAREN
 125                 | TOF LPAREN expresion error

 126  parametros_reales : parametro_real
 127                    | parametros_reales COMMA parametro_real

 128  parametro_real : expresion ARROW ID
 129                 | expresion error

 130  lambda_prefix : LPAREN tipo ID RPAREN

 131  lambda_expresion : lambda_prefix LBRACE if_simple RBRACE LPAREN lambda_argumento RPAREN
 132                   | lambda_prefix error if_simple RBRACE LPAREN lambda_argumento RPAREN
 133                   | lambda_prefix LBRACE if_simple error LPAREN lambda_argumento RPAREN
 134                   | lambda_prefix LBRACE if_simple RBRACE LPAREN lambda_argumento error

 135  lambda_argumento : ID
 136                   | INT16
 137                   | FLOAT32

state 0
	$accept : . input $end  (0)
	input : .  (1)

	error  shift 1
	ID  shift 2
	$end  reduce 1

	input  goto 3
	inicio_programa  goto 4
	programa  goto 5


state 1
	programa : error . LBRACE lista_sentencias RBRACE  (6)

	LBRACE  shift 6
	.  error


state 2
	inicio_programa : ID .  (4)

	.  reduce 4


state 3
	$accept : input . $end  (0)

	$end  accept


state 4
	programa : inicio_programa . LBRACE lista_sentencias RBRACE  (5)
	programa : inicio_programa . LBRACE lista_sentencias error  (7)
	programa : inicio_programa . lista_sentencias error  (8)
	lista_sentencias : .  (9)

	LBRACE  shift 7
	error  reduce 9
	ID  reduce 9
	IF  reduce 9
	PRINT  reduce 9
	RETURN  reduce 9
	VAR  reduce 9
	FOR  reduce 9
	LPAREN  reduce 9
	INT_KW  reduce 9
	FLOAT_KW  reduce 9

	lista_sentencias  goto 8


state 5
	input : programa .  (2)
	input : programa . error  (3)

	error  shift 9
	$end  reduce 2


state 6
	programa : error LBRACE . lista_sentencias RBRACE  (6)
	lista_sentencias : .  (9)

	.  reduce 9

	lista_sentencias  goto 10


state 7
	programa : inicio_programa LBRACE . lista_sentencias RBRACE  (5)
	programa : inicio_programa LBRACE . lista_sentencias error  (7)
	lista_sentencias : .  (9)

	.  reduce 9

	lista_sentencias  goto 11


state 8
	programa : inicio_programa lista_sentencias . error  (8)
	lista_sentencias : lista_sentencias . sentencia_declarativa  (10)
	lista_sentencias : lista_sentencias . sentencia_ejecutable  (11)
	lista_sentencias : lista_sentencias . error SEMICOLON  (12)

	error  shift 12
	ID  shift 13
	IF  shift 14
	PRINT  shift 15
	RETURN  shift 16
	VAR  shift 17
	FOR  shift 18
	LPAREN  shift 19
	INT_KW  shift 20
	FLOAT_KW  shift 21
	.  error

	encabezado_for  goto 22
	lambda_expresion  goto 23
	identificador_completo  goto 24
	identificador_destino  goto 25
	inicio_funcion  goto 26
	tipo  goto 27
	lista_variables_destino  goto 28
	lista_tipos  goto 29
	lambda_prefix  goto 30
	sentencia_declarativa  goto 31
	sentencia_ejecutable  goto 32
	declaracion_funcion  goto 33
	declaracion_variable  goto 34
	sentencia_return  goto 35
	asignacion  goto 36
	sentencia_print  goto 37
	sentencia_if  goto 38
	sentencia_for  goto 39


state 9
	input : programa error .  (3)

	.  reduce 3


state 10
	programa : error LBRACE lista_sentencias . RBRACE  (6)
	lista_sentencias : lista_sentencias . sentencia_declarativa  (10)
	lista_sentencias : lista_sentencias . sentencia_ejecutable  (11)
	lista_sentencias : lista_sentencias . error SEMICOLON  (12)

	error  shift 40
	ID  shift 13
	IF  shift 14
	PRINT  shift 15
	RETURN  shift 16
	VAR  shift 17
	FOR  shift 18
	LPAREN  shift 19
	RBRACE  shift 41
	INT_KW  shift 20
	FLOAT_KW  shift 21
	.  error

	encabezado_for  goto 22
	lambda_expresion  goto 23
	identificador_completo  goto 24
	identificador_destino  goto 25
	inicio_funcion  goto 26
	tipo  goto 27
	lista_variables_destino  goto 28
	lista_tipos  goto 29
	lambda_prefix  goto 30
	sentencia_declarativa  goto 31
	sentencia_ejecutable  goto 32
	declaracion_funcion  goto 33
	declaracion_variable  goto 34
	sentencia_return  goto 35
	asignacion  goto 36
	sentencia_print  goto 37
	sentencia_if  goto 38
	sentencia_for  goto 39


state 11
	programa : inicio_programa LBRACE lista_sentencias . RBRACE  (5)
	programa : inicio_programa LBRACE lista_sentencias . error  (7)
	lista_sentencias : lista_sentencias . sentencia_declarativa  (10)
	lista_sentencias : lista_sentencias . sentencia_ejecutable  (11)
	lista_sentencias : lista_sentencias . error SEMICOLON  (12)

	error  shift 42
	ID  shift 13
	IF  shift 14
	PRINT  shift 15
	RETURN  shift 16
	VAR  shift 17
	FOR  shift 18
	LPAREN  shift 19
	RBRACE  shift 43
	INT_KW  shift 20
	FLOAT_KW  shift 21
	.  error

	encabezado_for  goto 22
	lambda_expresion  goto 23
	identificador_completo  goto 24
	identificador_destino  goto 25
	inicio_funcion  goto 26
	tipo  goto 27
	lista_variables_destino  goto 28
	lista_tipos  goto 29
	lambda_prefix  goto 30
	sentencia_declarativa  goto 31
	sentencia_ejecutable  goto 32
	declaracion_funcion  goto 33
	declaracion_variable  goto 34
	sentencia_return  goto 35
	asignacion  goto 36
	sentencia_print  goto 37
	sentencia_if  goto 38
	sentencia_for  goto 39


state 12
	programa : inicio_programa lista_sentencias error .  (8)
	lista_sentencias : lista_sentencias error . SEMICOLON  (12)

	SEMICOLON  shift 44
	$end  reduce 8
	error  reduce 8


state 13
	identificador_completo : ID .  (22)

	.  reduce 22


state 14
	sentencia_if : IF . LPAREN condicion RPAREN $$2 bloque_sentencias_ejecutables resto_if  (76)
	sentencia_if : IF . error condicion RPAREN bloque_sentencias_ejecutables resto_if  (77)
	sentencia_if : IF . LPAREN condicion error bloque_sentencias_ejecutables resto_if  (78)
	sentencia_if : IF . LPAREN condicion RPAREN error resto_if  (79)

	error  shift 45
	LPAREN  shift 46
	.  error


state 15
	sentencia_print : PRINT . LPAREN expresion RPAREN  (65)
	sentencia_print : PRINT . LPAREN error RPAREN  (66)

	LPAREN  shift 47
	.  error


state 16
	sentencia_return : RETURN . LPAREN lista_expresiones RPAREN SEMICOLON  (53)

	LPAREN  shift 48
	.  error


state 17
	declaracion_variable : VAR . lista_variables SEMICOLON  (19)
	declaracion_variable : VAR . SEMICOLON  (20)
	declaracion_variable : VAR . error SEMICOLON  (21)

	error  shift 49
	ID  shift 13
	SEMICOLON  shift 50
	.  error

	identificador_completo  goto 51
	lista_variables  goto 52


state 18
	encabezado_for : FOR . LPAREN identificador_destino FROM factor TO factor RPAREN  (81)
	sentencia_for : FOR . error identificador_destino FROM factor TO factor RPAREN bloque_sentencias_ejecutables SEMICOLON  (83)
	sentencia_for : FOR . LPAREN error FROM factor TO factor RPAREN bloque_sentencias_ejecutables SEMICOLON  (84)
	sentencia_for : FOR . LPAREN identificador_destino error factor TO factor RPAREN bloque_sentencias_ejecutables SEMICOLON  (85)
	sentencia_for : FOR . LPAREN identificador_destino FROM error TO factor RPAREN bloque_sentencias_ejecutables SEMICOLON  (86)
	sentencia_for : FOR . LPAREN identificador_destino FROM factor error factor RPAREN bloque_sentencias_ejecutables SEMICOLON  (87)
	sentencia_for : FOR . LPAREN identificador_destino FROM factor TO error RPAREN bloque_sentencias_ejecutables SEMICOLON  (88)
	sentencia_for : FOR . LPAREN identificador_destino FROM factor TO factor error bloque_sentencias_ejecutables SEMICOLON  (89)
	sentencia_for : FOR . error SEMICOLON  (90)

	error  shift 53
	LPAREN  shift 54
	.  error


state 19
	lambda_prefix : LPAREN . tipo ID RPAREN  (130)

	INT_KW  shift 20
	FLOAT_KW  shift 21
	.  error

	tipo  goto 55


state 20
	tipo : INT_KW .  (40)

	.  reduce 40


state 21
	tipo : FLOAT_KW .  (41)

	.  reduce 41


state 22
	sentencia_for : encabezado_for . LBRACE lista_sentencias_ejecutables RBRACE SEMICOLON  (82)

	LBRACE  shift 56
	.  error


state 23
	sentencia_ejecutable : lambda_expresion .  (59)

	.  reduce 59


state 24
	identificador_completo : identificador_completo . POINT ID  (23)
	identificador_destino : identificador_completo .  (27)

	POINT  shift 57
	error  reduce 27
	FROM  reduce 27
	ASSIGN  reduce 27
	ASSIGN_COLON  reduce 27
	COMMA  reduce 27


state 25
	lista_variables_destino : identificador_destino .  (28)
	asignacion : identificador_destino . ASSIGN_COLON expresion  (101)

	ASSIGN_COLON  shift 58
	ASSIGN  reduce 28
	COMMA  reduce 28


state 26
	declaracion_funcion : inicio_funcion . LPAREN parametros_formales RPAREN LBRACE lista_sentencias_sin_return sentencia_return lista_sentencias RBRACE  (31)
	declaracion_funcion : inicio_funcion . error LPAREN parametros_formales RPAREN LBRACE lista_sentencias_sin_return sentencia_return lista_sentencias RBRACE  (32)
	declaracion_funcion : inicio_funcion . LPAREN error RPAREN LBRACE lista_sentencias_sin_return sentencia_return lista_sentencias RBRACE  (33)
	declaracion_funcion : inicio_funcion . LPAREN parametros_formales RPAREN error lista_sentencias_sin_return sentencia_return lista_sentencias RBRACE  (34)
	declaracion_funcion : inicio_funcion . LPAREN parametros_formales error LBRACE lista_sentencias_sin_return sentencia_return lista_sentencias RBRACE  (36)

	error  shift 59
	LPAREN  shift 60
	.  error


state 27
	lista_tipos : tipo .  (37)

	.  reduce 37


state 28
	lista_variables_destino : lista_variables_destino . COMMA identificador_destino  (29)
	asignacion : lista_variables_destino . ASSIGN lista_expresiones  (102)

	ASSIGN  shift 61
	COMMA  shift 62
	.  error


state 29
	inicio_funcion : lista_tipos . ID  (30)
	declaracion_funcion : lista_tipos . LPAREN parametros_formales RPAREN LBRACE lista_sentencias_sin_return sentencia_return lista_sentencias error  (35)
	lista_tipos : lista_tipos . COMMA tipo  (38)
	lista_tipos : lista_tipos . tipo  (39)

	ID  shift 63
	LPAREN  shift 64
	COMMA  shift 65
	INT_KW  shift 20
	FLOAT_KW  shift 21
	.  error

	tipo  goto 66


state 30
	lambda_expresion : lambda_prefix . LBRACE if_simple RBRACE LPAREN lambda_argumento RPAREN  (131)
	lambda_expresion : lambda_prefix . error if_simple RBRACE LPAREN lambda_argumento RPAREN  (132)
	lambda_expresion : lambda_prefix . LBRACE if_simple error LPAREN lambda_argumento RPAREN  (133)
	lambda_expresion : lambda_prefix . LBRACE if_simple RBRACE LPAREN lambda_argumento error  (134)

	error  shift 67
	LBRACE  shift 68
	.  error


state 31
	lista_sentencias : lista_sentencias sentencia_declarativa .  (10)

	.  reduce 10


state 32
	lista_sentencias : lista_sentencias sentencia_ejecutable .  (11)

	.  reduce 11


state 33
	sentencia_declarativa : declaracion_funcion .  (17)

	.  reduce 17


state 34
	sentencia_declarativa : declaracion_variable .  (18)

	.  reduce 18


state 35
	sentencia_ejecutable : sentencia_return .  (55)

	.  reduce 55


state 36
	sentencia_ejecutable : asignacion . SEMICOLON  (54)

	SEMICOLON  shift 69
	.  error


state 37
	sentencia_ejecutable : sentencia_print . SEMICOLON  (56)

	SEMICOLON  shift 70
	.  error


state 38
	sentencia_ejecutable : sentencia_if .  (57)

	.  reduce 57


state 39
	sentencia_ejecutable : sentencia_for .  (58)

	.  reduce 58


state 40
	lista_sentencias : lista_sentencias error . SEMICOLON  (12)

	SEMICOLON  shift 44
	.  error


state 41
	programa : error LBRACE lista_sentencias RBRACE .  (6)

	.  reduce 6


state 42
	programa : inicio_programa LBRACE lista_sentencias error .  (7)
	lista_sentencias : lista_sentencias error . SEMICOLON  (12)

	SEMICOLON  shift 44
	$end  reduce 7
	error  reduce 7


state 43
	programa : inicio_programa LBRACE lista_sentencias RBRACE .  (5)

	.  reduce 5


state 44
	lista_sentencias : lista_sentencias error SEMICOLON .  (12)

	.  reduce 12


state 45
	sentencia_if : IF error . condicion RPAREN bloque_sentencias_ejecutables resto_if  (77)

	error  shift 71
	ID  shift 72
	STRING  shift 73
	INT16  shift 74
	FLOAT32  shift 75
	TOF  shift 76
	.  error

	expresion  goto 77
	termino  goto 78
	factor  goto 79
	conversion_tof  goto 80
	invocacion_funcion  goto 81
	condicion  goto 82
	identificador_completo  goto 83


state 46
	sentencia_if : IF LPAREN . condicion RPAREN $$2 bloque_sentencias_ejecutables resto_if  (76)
	sentencia_if : IF LPAREN . condicion error bloque_sentencias_ejecutables resto_if  (78)
	sentencia_if : IF LPAREN . condicion RPAREN error resto_if  (79)

	error  shift 71
	ID  shift 72
	STRING  shift 73
	INT16  shift 74
	FLOAT32  shift 75
	TOF  shift 76
	.  error

	expresion  goto 77
	termino  goto 78
	factor  goto 79
	conversion_tof  goto 80
	invocacion_funcion  goto 81
	condicion  goto 84
	identificador_completo  goto 83


state 47
	sentencia_print : PRINT LPAREN . expresion RPAREN  (65)
	sentencia_print : PRINT LPAREN . error RPAREN  (66)

	error  shift 85
	ID  shift 72
	STRING  shift 73
	INT16  shift 74
	FLOAT32  shift 75
	TOF  shift 76
	.  error

	expresion  goto 86
	termino  goto 78
	factor  goto 79
	conversion_tof  goto 80
	invocacion_funcion  goto 81
	identificador_completo  goto 83


state 48
	sentencia_return : RETURN LPAREN . lista_expresiones RPAREN SEMICOLON  (53)

	ID  shift 72
	STRING  shift 73
	INT16  shift 74
	FLOAT32  shift 75
	TOF  shift 76
	.  error

	expresion  goto 87
	termino  goto 78
	factor  goto 79
	conversion_tof  goto 80
	invocacion_funcion  goto 81
	identificador_completo  goto 83
	lista_expresiones  goto 88


state 49
	declaracion_variable : VAR error . SEMICOLON  (21)

	SEMICOLON  shift 89
	.  error


state 50
	declaracion_variable : VAR SEMICOLON .  (20)

	.  reduce 20


state 51
	identificador_completo : identificador_completo . POINT ID  (23)
	lista_variables : identificador_completo .  (24)

	POINT  shift 57
	error  reduce 24
	SEMICOLON  reduce 24
	COMMA  reduce 24


state 52
	declaracion_variable : VAR lista_variables . SEMICOLON  (19)
	lista_variables : lista_variables . COMMA identificador_completo  (25)
	lista_variables : lista_variables . error identificador_completo  (26)

	error  shift 90
	SEMICOLON  shift 91
	COMMA  shift 92
	.  error


state 53
	sentencia_for : FOR error . identificador_destino FROM factor TO factor RPAREN bloque_sentencias_ejecutables SEMICOLON  (83)
	sentencia_for : FOR error . SEMICOLON  (90)

	ID  shift 13
	SEMICOLON  shift 93
	.  error

	identificador_completo  goto 24
	identificador_destino  goto 94


state 54
	encabezado_for : FOR LPAREN . identificador_destino FROM factor TO factor RPAREN  (81)
	sentencia_for : FOR LPAREN . error FROM factor TO factor RPAREN bloque_sentencias_ejecutables SEMICOLON  (84)
	sentencia_for : FOR LPAREN . identificador_destino error factor TO factor RPAREN bloque_sentencias_ejecutables SEMICOLON  (85)
	sentencia_for : FOR LPAREN . identificador_destino FROM error TO factor RPAREN bloque_sentencias_ejecutables SEMICOLON  (86)
	sentencia_for : FOR LPAREN . identificador_destino FROM factor error factor RPAREN bloque_sentencias_ejecutables SEMICOLON  (87)
	sentencia_for : FOR LPAREN . identificador_destino FROM factor TO error RPAREN bloque_sentencias_ejecutables SEMICOLON  (88)
	sentencia_for : FOR LPAREN . identificador_destino FROM factor TO factor error bloque_sentencias_ejecutables SEMICOLON  (89)

	error  shift 95
	ID  shift 13
	.  error

	identificador_completo  goto 24
	identificador_destino  goto 96


state 55
	lambda_prefix : LPAREN tipo . ID RPAREN  (130)

	ID  shift 97
	.  error


state 56
	sentencia_for : encabezado_for LBRACE . lista_sentencias_ejecutables RBRACE SEMICOLON  (82)
	lista_sentencias_ejecutables : .  (67)

	.  reduce 67

	lista_sentencias_ejecutables  goto 98


state 57
	identificador_completo : identificador_completo POINT . ID  (23)

	ID  shift 99
	.  error


state 58
	asignacion : identificador_destino ASSIGN_COLON . expresion  (101)

	ID  shift 72
	STRING  shift 73
	INT16  shift 74
	FLOAT32  shift 75
	TOF  shift 76
	.  error

	expresion  goto 100
	termino  goto 78
	factor  goto 79
	conversion_tof  goto 80
	invocacion_funcion  goto 81
	identificador_completo  goto 83


state 59
	declaracion_funcion : inicio_funcion error . LPAREN parametros_formales RPAREN LBRACE lista_sentencias_sin_return sentencia_return lista_sentencias RBRACE  (32)

	LPAREN  shift 101
	.  error


state 60
	declaracion_funcion : inicio_funcion LPAREN . parametros_formales RPAREN LBRACE lista_sentencias_sin_return sentencia_return lista_sentencias RBRACE  (31)
	declaracion_funcion : inicio_funcion LPAREN . error RPAREN LBRACE lista_sentencias_sin_return sentencia_return lista_sentencias RBRACE  (33)
	declaracion_funcion : inicio_funcion LPAREN . parametros_formales RPAREN error lista_sentencias_sin_return sentencia_return lista_sentencias RBRACE  (34)
	declaracion_funcion : inicio_funcion LPAREN . parametros_formales error LBRACE lista_sentencias_sin_return sentencia_return lista_sentencias RBRACE  (36)

	error  shift 102
	ID  shift 103
	CV  shift 104
	CR  shift 105
	INT_KW  shift 20
	FLOAT_KW  shift 21
	.  error

	parametro_formal  goto 106
	tipo  goto 107
	parametros_formales  goto 108
	sem_pasaje  goto 109


state 61
	asignacion : lista_variables_destino ASSIGN . lista_expresiones  (102)

	ID  shift 72
	STRING  shift 73
	INT16  shift 74
	FLOAT32  shift 75
	TOF  shift 76
	.  error

	expresion  goto 87
	termino  goto 78
	factor  goto 79
	conversion_tof  goto 80
	invocacion_funcion  goto 81
	identificador_completo  goto 83
	lista_expresiones  goto 110


state 62
	lista_variables_destino : lista_variables_destino COMMA . identificador_destino  (29)

	ID  shift 13
	.  error

	identificador_completo  goto 24
	identificador_destino  goto 111


state 63
	inicio_funcion : lista_tipos ID .  (30)

	.  reduce 30


state 64
	declaracion_funcion : lista_tipos LPAREN . parametros_formales RPAREN LBRACE lista_sentencias_sin_return sentencia_return lista_sentencias error  (35)

	ID  shift 103
	CV  shift 104
	CR  shift 105
	INT_KW  shift 20
	FLOAT_KW  shift 21
	.  error

	parametro_formal  goto 106
	tipo  goto 107
	parametros_formales  goto 112
	sem_pasaje  goto 109


state 65
	lista_tipos : lista_tipos COMMA . tipo  (38)

	INT_KW  shift 20
	FLOAT_KW  shift 21
	.  error

	tipo  goto 113


state 66
	lista_tipos : lista_tipos tipo .  (39)

	.  reduce 39


state 67
	lambda_expresion : lambda_prefix error . if_simple RBRACE LPAREN lambda_argumento RPAREN  (132)

	IF  shift 114
	.  error

	if_simple  goto 115


state 68
	lambda_expresion : lambda_prefix LBRACE . if_simple RBRACE LPAREN lambda_argumento RPAREN  (131)
	lambda_expresion : lambda_prefix LBRACE . if_simple error LPAREN lambda_argumento RPAREN  (133)
	lambda_expresion : lambda_prefix LBRACE . if_simple RBRACE LPAREN lambda_argumento error  (134)

	IF  shift 114
	.  error

	if_simple  goto 116


state 69
	sentencia_ejecutable : asignacion SEMICOLON .  (54)

	.  reduce 54


state 70
	sentencia_ejecutable : sentencia_print SEMICOLON .  (56)

	.  reduce 56


state 71
	condicion : error . operador_comparacion expresion  (93)

	EQ  shift 117
	NEQ  shift 118
	LT  shift 119
	LE_OP  shift 120
	GT  shift 121
	GE  shift 122
	.  error

	operador_comparacion  goto 123


state 72
	identificador_completo : ID .  (22)
	invocacion_funcion : ID . LPAREN parametros_reales RPAREN  (122)

	LPAREN  shift 124
	error  reduce 22
	ID  reduce 22
	STRING  reduce 22
	INT16  reduce 22
	FLOAT32  reduce 22
	TO  reduce 22
	PLUS  reduce 22
	MINUS  reduce 22
	STAR  reduce 22
	SLASH  reduce 22
	EQ  reduce 22
	NEQ  reduce 22
	LT  reduce 22
	LE_OP  reduce 22
	GT  reduce 22
	GE  reduce 22
	RPAREN  reduce 22
	SEMICOLON  reduce 22
	ARROW  reduce 22
	COMMA  reduce 22
	POINT  reduce 22
	TOF  reduce 22


state 73
	factor : STRING .  (119)

	.  reduce 119


state 74
	factor : INT16 .  (117)

	.  reduce 117


state 75
	factor : FLOAT32 .  (118)

	.  reduce 118


state 76
	conversion_tof : TOF . LPAREN expresion RPAREN  (123)
	conversion_tof : TOF . error expresion RPAREN  (124)
	conversion_tof : TOF . LPAREN expresion error  (125)

	error  shift 125
	LPAREN  shift 126
	.  error


state 77
	condicion : expresion . operador_comparacion expresion  (91)
	condicion : expresion . expresion  (92)
	condicion : expresion . operador_comparacion error  (94)
	expresion : expresion . PLUS termino  (107)
	expresion : expresion . PLUS error  (108)
	expresion : expresion . MINUS termino  (109)
	expresion : expresion . MINUS error  (110)

	ID  shift 72
	STRING  shift 73
	INT16  shift 74
	FLOAT32  shift 75
	PLUS  shift 127
	MINUS  shift 128
	EQ  shift 117
	NEQ  shift 118
	LT  shift 119
	LE_OP  shift 120
	GT  shift 121
	GE  shift 122
	TOF  shift 76
	.  error

	expresion  goto 129
	termino  goto 78
	factor  goto 79
	conversion_tof  goto 80
	invocacion_funcion  goto 81
	identificador_completo  goto 83
	operador_comparacion  goto 130


state 78
	expresion : termino .  (106)
	termino : termino . STAR factor  (112)
	termino : termino . STAR error  (113)
	termino : termino . SLASH factor  (114)
	termino : termino . SLASH error  (115)

	STAR  shift 131
	SLASH  shift 132
	error  reduce 106
	ID  reduce 106
	STRING  reduce 106
	INT16  reduce 106
	FLOAT32  reduce 106
	PLUS  reduce 106
	MINUS  reduce 106
	EQ  reduce 106
	NEQ  reduce 106
	LT  reduce 106
	LE_OP  reduce 106
	GT  reduce 106
	GE  reduce 106
	RPAREN  reduce 106
	SEMICOLON  reduce 106
	ARROW  reduce 106
	COMMA  reduce 106
	TOF  reduce 106


state 79
	termino : factor .  (111)

	.  reduce 111


state 80
	factor : conversion_tof .  (121)

	.  reduce 121


state 81
	factor : invocacion_funcion .  (120)

	.  reduce 120


state 82
	sentencia_if : IF error condicion . RPAREN bloque_sentencias_ejecutables resto_if  (77)

	RPAREN  shift 133
	.  error


state 83
	identificador_completo : identificador_completo . POINT ID  (23)
	factor : identificador_completo .  (116)

	POINT  shift 57
	error  reduce 116
	ID  reduce 116
	STRING  reduce 116
	INT16  reduce 116
	FLOAT32  reduce 116
	TO  reduce 116
	PLUS  reduce 116
	MINUS  reduce 116
	STAR  reduce 116
	SLASH  reduce 116
	EQ  reduce 116
	NEQ  reduce 116
	LT  reduce 116
	LE_OP  reduce 116
	GT  reduce 116
	GE  reduce 116
	RPAREN  reduce 116
	SEMICOLON  reduce 116
	ARROW  reduce 116
	COMMA  reduce 116
	TOF  reduce 116


state 84
	sentencia_if : IF LPAREN condicion . RPAREN $$2 bloque_sentencias_ejecutables resto_if  (76)
	sentencia_if : IF LPAREN condicion . error bloque_sentencias_ejecutables resto_if  (78)
	sentencia_if : IF LPAREN condicion . RPAREN error resto_if  (79)

	error  shift 134
	RPAREN  shift 135
	.  error


state 85
	sentencia_print : PRINT LPAREN error . RPAREN  (66)

	RPAREN  shift 136
	.  error


state 86
	sentencia_print : PRINT LPAREN expresion . RPAREN  (65)
	expresion : expresion . PLUS termino  (107)
	expresion : expresion . PLUS error  (108)
	expresion : expresion . MINUS termino  (109)
	expresion : expresion . MINUS error  (110)

	PLUS  shift 127
	MINUS  shift 128
	RPAREN  shift 137
	.  error


state 87
	lista_expresiones : expresion .  (103)
	expresion : expresion . PLUS termino  (107)
	expresion : expresion . PLUS error  (108)
	expresion : expresion . MINUS termino  (109)
	expresion : expresion . MINUS error  (110)

	PLUS  shift 127
	MINUS  shift 128
	error  reduce 103
	RPAREN  reduce 103
	SEMICOLON  reduce 103
	COMMA  reduce 103


state 88
	sentencia_return : RETURN LPAREN lista_expresiones . RPAREN SEMICOLON  (53)
	lista_expresiones : lista_expresiones . COMMA expresion  (104)
	lista_expresiones : lista_expresiones . error expresion  (105)

	error  shift 138
	RPAREN  shift 139
	COMMA  shift 140
	.  error


state 89
	declaracion_variable : VAR error SEMICOLON .  (21)

	.  reduce 21


state 90
	lista_variables : lista_variables error . identificador_completo  (26)

	ID  shift 13
	.  error

	identificador_completo  goto 141


state 91
	declaracion_variable : VAR lista_variables SEMICOLON .  (19)

	.  reduce 19


state 92
	lista_variables : lista_variables COMMA . identificador_completo  (25)

	ID  shift 13
	.  error

	identificador_completo  goto 142


state 93
	sentencia_for : FOR error SEMICOLON .  (90)

	.  reduce 90


state 94
	sentencia_for : FOR error identificador_destino . FROM factor TO factor RPAREN bloque_sentencias_ejecutables SEMICOLON  (83)

	FROM  shift 143
	.  error


state 95
	sentencia_for : FOR LPAREN error . FROM factor TO factor RPAREN bloque_sentencias_ejecutables SEMICOLON  (84)

	FROM  shift 144
	.  error


state 96
	encabezado_for : FOR LPAREN identificador_destino . FROM factor TO factor RPAREN  (81)
	sentencia_for : FOR LPAREN identificador_destino . error factor TO factor RPAREN bloque_sentencias_ejecutables SEMICOLON  (85)
	sentencia_for : FOR LPAREN identificador_destino . FROM error TO factor RPAREN bloque_sentencias_ejecutables SEMICOLON  (86)
	sentencia_for : FOR LPAREN identificador_destino . FROM factor error factor RPAREN bloque_sentencias_ejecutables SEMICOLON  (87)
	sentencia_for : FOR LPAREN identificador_destino . FROM factor TO error RPAREN bloque_sentencias_ejecutables SEMICOLON  (88)
	sentencia_for : FOR LPAREN identificador_destino . FROM factor TO factor error bloque_sentencias_ejecutables SEMICOLON  (89)

	error  shift 145
	FROM  shift 146
	.  error


state 97
	lambda_prefix : LPAREN tipo ID . RPAREN  (130)

	RPAREN  shift 147
	.  error


state 98
	lista_sentencias_ejecutables : lista_sentencias_ejecutables . sentencia_ejecutable  (68)
	lista_sentencias_ejecutables : lista_sentencias_ejecutables . error SEMICOLON  (69)
	sentencia_for : encabezado_for LBRACE lista_sentencias_ejecutables . RBRACE SEMICOLON  (82)

	error  shift 148
	ID  shift 13
	IF  shift 14
	PRINT  shift 15
	RETURN  shift 16
	FOR  shift 18
	LPAREN  shift 19
	RBRACE  shift 149
	.  error

	encabezado_for  goto 22
	lambda_expresion  goto 23
	identificador_completo  goto 24
	identificador_destino  goto 25
	lista_variables_destino  goto 28
	lambda_prefix  goto 30
	sentencia_ejecutable  goto 150
	sentencia_return  goto 35
	asignacion  goto 36
	sentencia_print  goto 37
	sentencia_if  goto 38
	sentencia_for  goto 39


state 99
	identificador_completo : identificador_completo POINT ID .  (23)

	.  reduce 23


state 100
	asignacion : identificador_destino ASSIGN_COLON expresion .  (101)
	expresion : expresion . PLUS termino  (107)
	expresion : expresion . PLUS error  (108)
	expresion : expresion . MINUS termino  (109)
	expresion : expresion . MINUS error  (110)

	PLUS  shift 127
	MINUS  shift 128
	SEMICOLON  reduce 101


state 101
	declaracion_funcion : inicio_funcion error LPAREN . parametros_formales RPAREN LBRACE lista_sentencias_sin_return sentencia_return lista_sentencias RBRACE  (32)

	ID  shift 103
	CV  shift 104
	CR  shift 105
	INT_KW  shift 20
	FLOAT_KW  shift 21
	.  error

	parametro_formal  goto 106
	tipo  goto 107
	parametros_formales  goto 151
	sem_pasaje  goto 109


state 102
	declaracion_funcion : inicio_funcion LPAREN error . RPAREN LBRACE lista_sentencias_sin_return sentencia_return lista_sentencias RBRACE  (33)

	RPAREN  shift 152
	.  error


state 103
	parametro_formal : ID .  (48)

	.  reduce 48


state 104
	sem_pasaje : CV . LE_KW  (49)
	sem_pasaje : CV . error  (51)

	error  shift 153
	LE_KW  shift 154
	.  error


state 105
	sem_pasaje : CR . LE_KW  (50)
	sem_pasaje : CR . error  (52)

	error  shift 155
	LE_KW  shift 156
	.  error


state 106
	parametros_formales : parametro_formal .  (42)

	.  reduce 42


state 107
	parametro_formal : tipo . ID  (45)

	ID  shift 157
	.  error


state 108
	declaracion_funcion : inicio_funcion LPAREN parametros_formales . RPAREN LBRACE lista_sentencias_sin_return sentencia_return lista_sentencias RBRACE  (31)
	declaracion_funcion : inicio_funcion LPAREN parametros_formales . RPAREN error lista_sentencias_sin_return sentencia_return lista_sentencias RBRACE  (34)
	declaracion_funcion : inicio_funcion LPAREN parametros_formales . error LBRACE lista_sentencias_sin_return sentencia_return lista_sentencias RBRACE  (36)
	parametros_formales : parametros_formales . error parametro_formal  (43)
	parametros_formales : parametros_formales . COMMA parametro_formal  (44)

	error  shift 158
	RPAREN  shift 159
	COMMA  shift 160
	.  error


state 109
	parametro_formal : sem_pasaje . tipo ID  (46)
	parametro_formal : sem_pasaje . ID  (47)

	ID  shift 161
	INT_KW  shift 20
	FLOAT_KW  shift 21
	.  error

	tipo  goto 162


state 110
	asignacion : lista_variables_destino ASSIGN lista_expresiones .  (102)
	lista_expresiones : lista_expresiones . COMMA expresion  (104)
	lista_expresiones : lista_expresiones . error expresion  (105)

	error  shift 138
	COMMA  shift 140
	SEMICOLON  reduce 102


state 111
	lista_variables_destino : lista_variables_destino COMMA identificador_destino .  (29)

	.  reduce 29


state 112
	declaracion_funcion : lista_tipos LPAREN parametros_formales . RPAREN LBRACE lista_sentencias_sin_return sentencia_return lista_sentencias error  (35)
	parametros_formales : parametros_formales . error parametro_formal  (43)
	parametros_formales : parametros_formales . COMMA parametro_formal  (44)

	error  shift 163
	RPAREN  shift 164
	COMMA  shift 160
	.  error


state 113
	lista_tipos : lista_tipos COMMA tipo .  (38)

	.  reduce 38


state 114
	if_simple : IF . LPAREN condicion RPAREN sentencia_ejecutable  (80)

	LPAREN  shift 165
	.  error


state 115
	lambda_expresion : lambda_prefix error if_simple . RBRACE LPAREN lambda_argumento RPAREN  (132)

	RBRACE  shift 166
	.  error


state 116
	lambda_expresion : lambda_prefix LBRACE if_simple . RBRACE LPAREN lambda_argumento RPAREN  (131)
	lambda_expresion : lambda_prefix LBRACE if_simple . error LPAREN lambda_argumento RPAREN  (133)
	lambda_expresion : lambda_prefix LBRACE if_simple . RBRACE LPAREN lambda_argumento error  (134)

	error  shift 167
	RBRACE  shift 168
	.  error


state 117
	operador_comparacion : EQ .  (95)

	.  reduce 95


state 118
	operador_comparacion : NEQ .  (96)

	.  reduce 96


state 119
	operador_comparacion : LT .  (97)

	.  reduce 97


state 120
	operador_comparacion : LE_OP .  (98)

	.  reduce 98


state 121
	operador_comparacion : GT .  (99)

	.  reduce 99


state 122
	operador_comparacion : GE .  (100)

	.  reduce 100


state 123
	condicion : error operador_comparacion . expresion  (93)

	ID  shift 72
	STRING  shift 73
	INT16  shift 74
	FLOAT32  shift 75
	TOF  shift 76
	.  error

	expresion  goto 169
	termino  goto 78
	factor  goto 79
	conversion_tof  goto 80
	invocacion_funcion  goto 81
	identificador_completo  goto 83


state 124
	invocacion_funcion : ID LPAREN . parametros_reales RPAREN  (122)

	ID  shift 72
	STRING  shift 73
	INT16  shift 74
	FLOAT32  shift 75
	TOF  shift 76
	.  error

	expresion  goto 170
	termino  goto 78
	factor  goto 79
	conversion_tof  goto 80
	invocacion_funcion  goto 81
	identificador_completo  goto 83
	parametros_reales  goto 171
	parametro_real  goto 172


state 125
	conversion_tof : TOF error . expresion RPAREN  (124)

	ID  shift 72
	STRING  shift 73
	INT16  shift 74
	FLOAT32  shift 75
	TOF  shift 76
	.  error

	expresion  goto 173
	termino  goto 78
	factor  goto 79
	conversion_tof  goto 80
	invocacion_funcion  goto 81
	identificador_completo  goto 83


state 126
	conversion_tof : TOF LPAREN . expresion RPAREN  (123)
	conversion_tof : TOF LPAREN . expresion error  (125)

	ID  shift 72
	STRING  shift 73
	INT16  shift 74
	FLOAT32  shift 75
	TOF  shift 76
	.  error

	expresion  goto 174
	termino  goto 78
	factor  goto 79
	conversion_tof  goto 80
	invocacion_funcion  goto 81
	identificador_completo  goto 83


state 127
	expresion : expresion PLUS . termino  (107)
	expresion : expresion PLUS . error  (108)

	error  shift 175
	ID  shift 72
	STRING  shift 73
	INT16  shift 74
	FLOAT32  shift 75
	TOF  shift 76
	.  error

	termino  goto 176
	factor  goto 79
	conversion_tof  goto 80
	invocacion_funcion  goto 81
	identificador_completo  goto 83


state 128
	expresion : expresion MINUS . termino  (109)
	expresion : expresion MINUS . error  (110)

	error  shift 177
	ID  shift 72
	STRING  shift 73
	INT16  shift 74
	FLOAT32  shift 75
	TOF  shift 76
	.  error

	termino  goto 178
	factor  goto 79
	conversion_tof  goto 80
	invocacion_funcion  goto 81
	identificador_completo  goto 83


state 129
	condicion : expresion expresion .  (92)
	expresion : expresion . PLUS termino  (107)
	expresion : expresion . PLUS error  (108)
	expresion : expresion . MINUS termino  (109)
	expresion : expresion . MINUS error  (110)

	PLUS  shift 127
	MINUS  shift 128
	error  reduce 92
	RPAREN  reduce 92


state 130
	condicion : expresion operador_comparacion . expresion  (91)
	condicion : expresion operador_comparacion . error  (94)

	error  shift 179
	ID  shift 72
	STRING  shift 73
	INT16  shift 74
	FLOAT32  shift 75
	TOF  shift 76
	.  error

	expresion  goto 180
	termino  goto 78
	factor  goto 79
	conversion_tof  goto 80
	invocacion_funcion  goto 81
	identificador_completo  goto 83


state 131
	termino : termino STAR . factor  (112)
	termino : termino STAR . error  (113)

	error  shift 181
	ID  shift 72
	STRING  shift 73
	INT16  shift 74
	FLOAT32  shift 75
	TOF  shift 76
	.  error

	factor  goto 182
	conversion_tof  goto 80
	invocacion_funcion  goto 81
	identificador_completo  goto 83


state 132
	termino : termino SLASH . factor  (114)
	termino : termino SLASH . error  (115)

	error  shift 183
	ID  shift 72
	STRING  shift 73
	INT16  shift 74
	FLOAT32  shift 75
	TOF  shift 76
	.  error

	factor  goto 184
	conversion_tof  goto 80
	invocacion_funcion  goto 81
	identificador_completo  goto 83


state 133
	sentencia_if : IF error condicion RPAREN . bloque_sentencias_ejecutables resto_if  (77)

	LBRACE  shift 185
	.  error

	bloque_sentencias_ejecutables  goto 186


state 134
	sentencia_if : IF LPAREN condicion error . bloque_sentencias_ejecutables resto_if  (78)

	LBRACE  shift 185
	.  error

	bloque_sentencias_ejecutables  goto 187


state 135
	sentencia_if : IF LPAREN condicion RPAREN . $$2 bloque_sentencias_ejecutables resto_if  (76)
	sentencia_if : IF LPAREN condicion RPAREN . error resto_if  (79)
	$$2 : .  (75)

	error  shift 188
	LBRACE  reduce 75

	$$2  goto 189


state 136
	sentencia_print : PRINT LPAREN error RPAREN .  (66)

	.  reduce 66


state 137
	sentencia_print : PRINT LPAREN expresion RPAREN .  (65)

	.  reduce 65


state 138
	lista_expresiones : lista_expresiones error . expresion  (105)

	ID  shift 72
	STRING  shift 73
	INT16  shift 74
	FLOAT32  shift 75
	TOF  shift 76
	.  error

	expresion  goto 190
	termino  goto 78
	factor  goto 79
	conversion_tof  goto 80
	invocacion_funcion  goto 81
	identificador_completo  goto 83


state 139
	sentencia_return : RETURN LPAREN lista_expresiones RPAREN . SEMICOLON  (53)

	SEMICOLON  shift 191
	.  error


state 140
	lista_expresiones : lista_expresiones COMMA . expresion  (104)

	ID  shift 72
	STRING  shift 73
	INT16  shift 74
	FLOAT32  shift 75
	TOF  shift 76
	.  error

	expresion  goto 192
	termino  goto 78
	factor  goto 79
	conversion_tof  goto 80
	invocacion_funcion  goto 81
	identificador_completo  goto 83


state 141
	identificador_completo : identificador_completo . POINT ID  (23)
	lista_variables : lista_variables error identificador_completo .  (26)

	POINT  shift 57
	error  reduce 26
	SEMICOLON  reduce 26
	COMMA  reduce 26


state 142
	identificador_completo : identificador_completo . POINT ID  (23)
	lista_variables : lista_variables COMMA identificador_completo .  (25)

	POINT  shift 57
	error  reduce 25
	SEMICOLON  reduce 25
	COMMA  reduce 25


state 143
	sentencia_for : FOR error identificador_destino FROM . factor TO factor RPAREN bloque_sentencias_ejecutables SEMICOLON  (83)

	ID  shift 72
	STRING  shift 73
	INT16  shift 74
	FLOAT32  shift 75
	TOF  shift 76
	.  error

	factor  goto 193
	conversion_tof  goto 80
	invocacion_funcion  goto 81
	identificador_completo  goto 83


state 144
	sentencia_for : FOR LPAREN error FROM . factor TO factor RPAREN bloque_sentencias_ejecutables SEMICOLON  (84)

	ID  shift 72
	STRING  shift 73
	INT16  shift 74
	FLOAT32  shift 75
	TOF  shift 76
	.  error

	factor  goto 194
	conversion_tof  goto 80
	invocacion_funcion  goto 81
	identificador_completo  goto 83


state 145
	sentencia_for : FOR LPAREN identificador_destino error . factor TO factor RPAREN bloque_sentencias_ejecutables SEMICOLON  (85)

	ID  shift 72
	STRING  shift 73
	INT16  shift 74
	FLOAT32  shift 75
	TOF  shift 76
	.  error

	factor  goto 195
	conversion_tof  goto 80
	invocacion_funcion  goto 81
	identificador_completo  goto 83


state 146
	encabezado_for : FOR LPAREN identificador_destino FROM . factor TO factor RPAREN  (81)
	sentencia_for : FOR LPAREN identificador_destino FROM . error TO factor RPAREN bloque_sentencias_ejecutables SEMICOLON  (86)
	sentencia_for : FOR LPAREN identificador_destino FROM . factor error factor RPAREN bloque_sentencias_ejecutables SEMICOLON  (87)
	sentencia_for : FOR LPAREN identificador_destino FROM . factor TO error RPAREN bloque_sentencias_ejecutables SEMICOLON  (88)
	sentencia_for : FOR LPAREN identificador_destino FROM . factor TO factor error bloque_sentencias_ejecutables SEMICOLON  (89)

	error  shift 196
	ID  shift 72
	STRING  shift 73
	INT16  shift 74
	FLOAT32  shift 75
	TOF  shift 76
	.  error

	factor  goto 197
	conversion_tof  goto 80
	invocacion_funcion  goto 81
	identificador_completo  goto 83


state 147
	lambda_prefix : LPAREN tipo ID RPAREN .  (130)

	.  reduce 130


state 148
	lista_sentencias_ejecutables : lista_sentencias_ejecutables error . SEMICOLON  (69)

	SEMICOLON  shift 198
	.  error


state 149
	sentencia_for : encabezado_for LBRACE lista_sentencias_ejecutables RBRACE . SEMICOLON  (82)

	SEMICOLON  shift 199
	.  error


state 150
	lista_sentencias_ejecutables : lista_sentencias_ejecutables sentencia_ejecutable .  (68)

	.  reduce 68


state 151
	declaracion_funcion : inicio_funcion error LPAREN parametros_formales . RPAREN LBRACE lista_sentencias_sin_return sentencia_return lista_sentencias RBRACE  (32)
	parametros_formales : parametros_formales . error parametro_formal  (43)
	parametros_formales : parametros_formales . COMMA parametro_formal  (44)

	error  shift 163
	RPAREN  shift 200
	COMMA  shift 160
	.  error


state 152
	declaracion_funcion : inicio_funcion LPAREN error RPAREN . LBRACE lista_sentencias_sin_return sentencia_return lista_sentencias RBRACE  (33)

	LBRACE  shift 201
	.  error


state 153
	sem_pasaje : CV error .  (51)

	.  reduce 51


state 154
	sem_pasaje : CV LE_KW .  (49)

	.  reduce 49


state 155
	sem_pasaje : CR error .  (52)

	.  reduce 52


state 156
	sem_pasaje : CR LE_KW .  (50)

	.  reduce 50


state 157
	parametro_formal : tipo ID .  (45)

	.  reduce 45


state 158
	declaracion_funcion : inicio_funcion LPAREN parametros_formales error . LBRACE lista_sentencias_sin_return sentencia_return lista_sentencias RBRACE  (36)
	parametros_formales : parametros_formales error . parametro_formal  (43)

	ID  shift 103
	LBRACE  shift 202
	CV  shift 104
	CR  shift 105
	INT_KW  shift 20
	FLOAT_KW  shift 21
	.  error

	parametro_formal  goto 203
	tipo  goto 107
	sem_pasaje  goto 109


state 159
	declaracion_funcion : inicio_funcion LPAREN parametros_formales RPAREN . LBRACE lista_sentencias_sin_return sentencia_return lista_sentencias RBRACE  (31)
	declaracion_funcion : inicio_funcion LPAREN parametros_formales RPAREN . error lista_sentencias_sin_return sentencia_return lista_sentencias RBRACE  (34)

	error  shift 204
	LBRACE  shift 205
	.  error


state 160
	parametros_formales : parametros_formales COMMA . parametro_formal  (44)

	ID  shift 103
	CV  shift 104
	CR  shift 105
	INT_KW  shift 20
	FLOAT_KW  shift 21
	.  error

	parametro_formal  goto 206
	tipo  goto 107
	sem_pasaje  goto 109


state 161
	parametro_formal : sem_pasaje ID .  (47)

	.  reduce 47


state 162
	parametro_formal : sem_pasaje tipo . ID  (46)

	ID  shift 207
	.  error


state 163
	parametros_formales : parametros_formales error . parametro_formal  (43)

	ID  shift 103
	CV  shift 104
	CR  shift 105
	INT_KW  shift 20
	FLOAT_KW  shift 21
	.  error

	parametro_formal  goto 203
	tipo  goto 107
	sem_pasaje  goto 109


state 164
	declaracion_funcion : lista_tipos LPAREN parametros_formales RPAREN . LBRACE lista_sentencias_sin_return sentencia_return lista_sentencias error  (35)

	LBRACE  shift 208
	.  error


state 165
	if_simple : IF LPAREN . condicion RPAREN sentencia_ejecutable  (80)

	error  shift 71
	ID  shift 72
	STRING  shift 73
	INT16  shift 74
	FLOAT32  shift 75
	TOF  shift 76
	.  error

	expresion  goto 77
	termino  goto 78
	factor  goto 79
	conversion_tof  goto 80
	invocacion_funcion  goto 81
	condicion  goto 209
	identificador_completo  goto 83


state 166
	lambda_expresion : lambda_prefix error if_simple RBRACE . LPAREN lambda_argumento RPAREN  (132)

	LPAREN  shift 210
	.  error


state 167
	lambda_expresion : lambda_prefix LBRACE if_simple error . LPAREN lambda_argumento RPAREN  (133)

	LPAREN  shift 211
	.  error


state 168
	lambda_expresion : lambda_prefix LBRACE if_simple RBRACE . LPAREN lambda_argumento RPAREN  (131)
	lambda_expresion : lambda_prefix LBRACE if_simple RBRACE . LPAREN lambda_argumento error  (134)

	LPAREN  shift 212
	.  error


state 169
	condicion : error operador_comparacion expresion .  (93)
	expresion : expresion . PLUS termino  (107)
	expresion : expresion . PLUS error  (108)
	expresion : expresion . MINUS termino  (109)
	expresion : expresion . MINUS error  (110)

	PLUS  shift 127
	MINUS  shift 128
	error  reduce 93
	RPAREN  reduce 93


state 170
	expresion : expresion . PLUS termino  (107)
	expresion : expresion . PLUS error  (108)
	expresion : expresion . MINUS termino  (109)
	expresion : expresion . MINUS error  (110)
	parametro_real : expresion . ARROW ID  (128)
	parametro_real : expresion . error  (129)

	error  shift 213
	PLUS  shift 127
	MINUS  shift 128
	ARROW  shift 214
	.  error


state 171
	invocacion_funcion : ID LPAREN parametros_reales . RPAREN  (122)
	parametros_reales : parametros_reales . COMMA parametro_real  (127)

	RPAREN  shift 215
	COMMA  shift 216
	.  error


state 172
	parametros_reales : parametro_real .  (126)

	.  reduce 126


state 173
	expresion : expresion . PLUS termino  (107)
	expresion : expresion . PLUS error  (108)
	expresion : expresion . MINUS termino  (109)
	expresion : expresion . MINUS error  (110)
	conversion_tof : TOF error expresion . RPAREN  (124)

	PLUS  shift 127
	MINUS  shift 128
	RPAREN  shift 217
	.  error


state 174
	expresion : expresion . PLUS termino  (107)
	expresion : expresion . PLUS error  (108)
	expresion : expresion . MINUS termino  (109)
	expresion : expresion . MINUS error  (110)
	conversion_tof : TOF LPAREN expresion . RPAREN  (123)
	conversion_tof : TOF LPAREN expresion . error  (125)

	error  shift 218
	PLUS  shift 127
	MINUS  shift 128
	RPAREN  shift 219
	.  error


state 175
	expresion : expresion PLUS error .  (108)

	.  reduce 108


state 176
	expresion : expresion PLUS termino .  (107)
	termino : termino . STAR factor  (112)
	termino : termino . STAR error  (113)
	termino : termino . SLASH factor  (114)
	termino : termino . SLASH error  (115)

	STAR  shift 131
	SLASH  shift 132
	error  reduce 107
	ID  reduce 107
	STRING  reduce 107
	INT16  reduce 107
	FLOAT32  reduce 107
	PLUS  reduce 107
	MINUS  reduce 107
	EQ  reduce 107
	NEQ  reduce 107
	LT  reduce 107
	LE_OP  reduce 107
	GT  reduce 107
	GE  reduce 107
	RPAREN  reduce 107
	SEMICOLON  reduce 107
	ARROW  reduce 107
	COMMA  reduce 107
	TOF  reduce 107


state 177
	expresion : expresion MINUS error .  (110)

	.  reduce 110


state 178
	expresion : expresion MINUS termino .  (109)
	termino : termino . STAR factor  (112)
	termino : termino . STAR error  (113)
	termino : termino . SLASH factor  (114)
	termino : termino . SLASH error  (115)

	STAR  shift 131
	SLASH  shift 132
	error  reduce 109
	ID  reduce 109
	STRING  reduce 109
	INT16  reduce 109
	FLOAT32  reduce 109
	PLUS  reduce 109
	MINUS  reduce 109
	EQ  reduce 109
	NEQ  reduce 109
	LT  reduce 109
	LE_OP  reduce 109
	GT  reduce 109
	GE  reduce 109
	RPAREN  reduce 109
	SEMICOLON  reduce 109
	ARROW  reduce 109
	COMMA  reduce 109
	TOF  reduce 109


state 179
	condicion : expresion operador_comparacion error .  (94)

	.  reduce 94


state 180
	condicion : expresion operador_comparacion expresion .  (91)
	expresion : expresion . PLUS termino  (107)
	expresion : expresion . PLUS error  (108)
	expresion : expresion . MINUS termino  (109)
	expresion : expresion . MINUS error  (110)

	PLUS  shift 127
	MINUS  shift 128
	error  reduce 91
	RPAREN  reduce 91


state 181
	termino : termino STAR error .  (113)

	.  reduce 113


state 182
	termino : termino STAR factor .  (112)

	.  reduce 112


state 183
	termino : termino SLASH error .  (115)

	.  reduce 115


state 184
	termino : termino SLASH factor .  (114)

	.  reduce 114


state 185
	bloque_sentencias_ejecutables : LBRACE . lista_sentencias_ejecutables RBRACE  (70)
	lista_sentencias_ejecutables : .  (67)

	.  reduce 67

	lista_sentencias_ejecutables  goto 220


state 186
	sentencia_if : IF error condicion RPAREN bloque_sentencias_ejecutables . resto_if  (77)

	error  shift 221
	ELSE  shift 222
	ENDIF  shift 223
	.  error

	resto_if  goto 224


state 187
	sentencia_if : IF LPAREN condicion error bloque_sentencias_ejecutables . resto_if  (78)

	error  shift 221
	ELSE  shift 222
	ENDIF  shift 223
	.  error

	resto_if  goto 225


state 188
	sentencia_if : IF LPAREN condicion RPAREN error . resto_if  (79)

	error  shift 221
	ELSE  shift 222
	ENDIF  shift 223
	.  error

	resto_if  goto 226


state 189
	sentencia_if : IF LPAREN condicion RPAREN $$2 . bloque_sentencias_ejecutables resto_if  (76)

	LBRACE  shift 185
	.  error

	bloque_sentencias_ejecutables  goto 227


state 190
	lista_expresiones : lista_expresiones error expresion .  (105)
	expresion : expresion . PLUS termino  (107)
	expresion : expresion . PLUS error  (108)
	expresion : expresion . MINUS termino  (109)
	expresion : expresion . MINUS error  (110)

	PLUS  shift 127
	MINUS  shift 128
	error  reduce 105
	RPAREN  reduce 105
	SEMICOLON  reduce 105
	COMMA  reduce 105


state 191
	sentencia_return : RETURN LPAREN lista_expresiones RPAREN SEMICOLON .  (53)

	.  reduce 53


state 192
	lista_expresiones : lista_expresiones COMMA expresion .  (104)
	expresion : expresion . PLUS termino  (107)
	expresion : expresion . PLUS error  (108)
	expresion : expresion . MINUS termino  (109)
	expresion : expresion . MINUS error  (110)

	PLUS  shift 127
	MINUS  shift 128
	error  reduce 104
	RPAREN  reduce 104
	SEMICOLON  reduce 104
	COMMA  reduce 104


state 193
	sentencia_for : FOR error identificador_destino FROM factor . TO factor RPAREN bloque_sentencias_ejecutables SEMICOLON  (83)

	TO  shift 228
	.  error


state 194
	sentencia_for : FOR LPAREN error FROM factor . TO factor RPAREN bloque_sentencias_ejecutables SEMICOLON  (84)

	TO  shift 229
	.  error


state 195
	sentencia_for : FOR LPAREN identificador_destino error factor . TO factor RPAREN bloque_sentencias_ejecutables SEMICOLON  (85)

	TO  shift 230
	.  error


state 196
	sentencia_for : FOR LPAREN identificador_destino FROM error . TO factor RPAREN bloque_sentencias_ejecutables SEMICOLON  (86)

	TO  shift 231
	.  error


state 197
	encabezado_for : FOR LPAREN identificador_destino FROM factor . TO factor RPAREN  (81)
	sentencia_for : FOR LPAREN identificador_destino FROM factor . error factor RPAREN bloque_sentencias_ejecutables SEMICOLON  (87)
	sentencia_for : FOR LPAREN identificador_destino FROM factor . TO error RPAREN bloque_sentencias_ejecutables SEMICOLON  (88)
	sentencia_for : FOR LPAREN identificador_destino FROM factor . TO factor error bloque_sentencias_ejecutables SEMICOLON  (89)

	error  shift 232
	TO  shift 233
	.  error


state 198
	lista_sentencias_ejecutables : lista_sentencias_ejecutables error SEMICOLON .  (69)

	.  reduce 69


state 199
	sentencia_for : encabezado_for LBRACE lista_sentencias_ejecutables RBRACE SEMICOLON .  (82)

	.  reduce 82


state 200
	declaracion_funcion : inicio_funcion error LPAREN parametros_formales RPAREN . LBRACE lista_sentencias_sin_return sentencia_return lista_sentencias RBRACE  (32)

	LBRACE  shift 234
	.  error


state 201
	declaracion_funcion : inicio_funcion LPAREN error RPAREN LBRACE . lista_sentencias_sin_return sentencia_return lista_sentencias RBRACE  (33)
	lista_sentencias_sin_return : .  (13)

	.  reduce 13

	lista_sentencias_sin_return  goto 235


state 202
	declaracion_funcion : inicio_funcion LPAREN parametros_formales error LBRACE . lista_sentencias_sin_return sentencia_return lista_sentencias RBRACE  (36)
	lista_sentencias_sin_return : .  (13)

	.  reduce 13

	lista_sentencias_sin_return  goto 236


state 203
	parametros_formales : parametros_formales error parametro_formal .  (43)

	.  reduce 43


state 204
	declaracion_funcion : inicio_funcion LPAREN parametros_formales RPAREN error . lista_sentencias_sin_return sentencia_return lista_sentencias RBRACE  (34)
	lista_sentencias_sin_return : .  (13)

	.  reduce 13

	lista_sentencias_sin_return  goto 237


state 205
	declaracion_funcion : inicio_funcion LPAREN parametros_formales RPAREN LBRACE . lista_sentencias_sin_return sentencia_return lista_sentencias RBRACE  (31)
	lista_sentencias_sin_return : .  (13)

	.  reduce 13

	lista_sentencias_sin_return  goto 238


state 206
	parametros_formales : parametros_formales COMMA parametro_formal .  (44)

	.  reduce 44


state 207
	parametro_formal : sem_pasaje tipo ID .  (46)

	.  reduce 46


state 208
	declaracion_funcion : lista_tipos LPAREN parametros_formales RPAREN LBRACE . lista_sentencias_sin_return sentencia_return lista_sentencias error  (35)
	lista_sentencias_sin_return : .  (13)

	.  reduce 13

	lista_sentencias_sin_return  goto 239


state 209
	if_simple : IF LPAREN condicion . RPAREN sentencia_ejecutable  (80)

	RPAREN  shift 240
	.  error


state 210
	lambda_expresion : lambda_prefix error if_simple RBRACE LPAREN . lambda_argumento RPAREN  (132)

	ID  shift 241
	INT16  shift 242
	FLOAT32  shift 243
	.  error

	lambda_argumento  goto 244


state 211
	lambda_expresion : lambda_prefix LBRACE if_simple error LPAREN . lambda_argumento RPAREN  (133)

	ID  shift 241
	INT16  shift 242
	FLOAT32  shift 243
	.  error

	lambda_argumento  goto 245


state 212
	lambda_expresion : lambda_prefix LBRACE if_simple RBRACE LPAREN . lambda_argumento RPAREN  (131)
	lambda_expresion : lambda_prefix LBRACE if_simple RBRACE LPAREN . lambda_argumento error  (134)

	ID  shift 241
	INT16  shift 242
	FLOAT32  shift 243
	.  error

	lambda_argumento  goto 246


state 213
	parametro_real : expresion error .  (129)

	.  reduce 129


state 214
	parametro_real : expresion ARROW . ID  (128)

	ID  shift 247
	.  error


state 215
	invocacion_funcion : ID LPAREN parametros_reales RPAREN .  (122)

	.  reduce 122


state 216
	parametros_reales : parametros_reales COMMA . parametro_real  (127)

	ID  shift 72
	STRING  shift 73
	INT16  shift 74
	FLOAT32  shift 75
	TOF  shift 76
	.  error

	expresion  goto 170
	termino  goto 78
	factor  goto 79
	conversion_tof  goto 80
	invocacion_funcion  goto 81
	identificador_completo  goto 83
	parametro_real  goto 248


state 217
	conversion_tof : TOF error expresion RPAREN .  (124)

	.  reduce 124


state 218
	conversion_tof : TOF LPAREN expresion error .  (125)

	.  reduce 125


state 219
	conversion_tof : TOF LPAREN expresion RPAREN .  (123)

	.  reduce 123


state 220
	lista_sentencias_ejecutables : lista_sentencias_ejecutables . sentencia_ejecutable  (68)
	lista_sentencias_ejecutables : lista_sentencias_ejecutables . error SEMICOLON  (69)
	bloque_sentencias_ejecutables : LBRACE lista_sentencias_ejecutables . RBRACE  (70)

	error  shift 148
	ID  shift 13
	IF  shift 14
	PRINT  shift 15
	RETURN  shift 16
	FOR  shift 18
	LPAREN  shift 19
	RBRACE  shift 249
	.  error

	encabezado_for  goto 22
	lambda_expresion  goto 23
	identificador_completo  goto 24
	identificador_destino  goto 25
	lista_variables_destino  goto 28
	lambda_prefix  goto 30
	sentencia_ejecutable  goto 150
	sentencia_return  goto 35
	asignacion  goto 36
	sentencia_print  goto 37
	sentencia_if  goto 38
	sentencia_for  goto 39


state 221
	resto_if : error .  (74)

	.  reduce 74


state 222
	resto_if : ELSE . $$1 bloque_sentencias_ejecutables ENDIF SEMICOLON  (73)
	$$1 : .  (72)

	.  reduce 72

	$$1  goto 250


state 223
	resto_if : ENDIF . SEMICOLON  (71)

	SEMICOLON  shift 251
	.  error


state 224
	sentencia_if : IF error condicion RPAREN bloque_sentencias_ejecutables resto_if .  (77)

	.  reduce 77


state 225
	sentencia_if : IF LPAREN condicion error bloque_sentencias_ejecutables resto_if .  (78)

	.  reduce 78


state 226
	sentencia_if : IF LPAREN condicion RPAREN error resto_if .  (79)

	.  reduce 79


state 227
	sentencia_if : IF LPAREN condicion RPAREN $$2 bloque_sentencias_ejecutables . resto_if  (76)

	error  shift 221
	ELSE  shift 222
	ENDIF  shift 223
	.  error

	resto_if  goto 252


state 228
	sentencia_for : FOR error identificador_destino FROM factor TO . factor RPAREN bloque_sentencias_ejecutables SEMICOLON  (83)

	ID  shift 72
	STRING  shift 73
	INT16  shift 74
	FLOAT32  shift 75
	TOF  shift 76
	.  error

	factor  goto 253
	conversion_tof  goto 80
	invocacion_funcion  goto 81
	identificador_completo  goto 83


state 229
	sentencia_for : FOR LPAREN error FROM factor TO . factor RPAREN bloque_sentencias_ejecutables SEMICOLON  (84)

	ID  shift 72
	STRING  shift 73
	INT16  shift 74
	FLOAT32  shift 75
	TOF  shift 76
	.  error

	factor  goto 254
	conversion_tof  goto 80
	invocacion_funcion  goto 81
	identificador_completo  goto 83


state 230
	sentencia_for : FOR LPAREN identificador_destino error factor TO . factor RPAREN bloque_sentencias_ejecutables SEMICOLON  (85)

	ID  shift 72
	STRING  shift 73
	INT16  shift 74
	FLOAT32  shift 75
	TOF  shift 76
	.  error

	factor  goto 255
	conversion_tof  goto 80
	invocacion_funcion  goto 81
	identificador_completo  goto 83


state 231
	sentencia_for : FOR LPAREN identificador_destino FROM error TO . factor RPAREN bloque_sentencias_ejecutables SEMICOLON  (86)

	ID  shift 72
	STRING  shift 73
	INT16  shift 74
	FLOAT32  shift 75
	TOF  shift 76
	.  error

	factor  goto 256
	conversion_tof  goto 80
	invocacion_funcion  goto 81
	identificador_completo  goto 83


state 232
	sentencia_for : FOR LPAREN identificador_destino FROM factor error . factor RPAREN bloque_sentencias_ejecutables SEMICOLON  (87)

	ID  shift 72
	STRING  shift 73
	INT16  shift 74
	FLOAT32  shift 75
	TOF  shift 76
	.  error

	factor  goto 257
	conversion_tof  goto 80
	invocacion_funcion  goto 81
	identificador_completo  goto 83


state 233
	encabezado_for : FOR LPAREN identificador_destino FROM factor TO . factor RPAREN  (81)
	sentencia_for : FOR LPAREN identificador_destino FROM factor TO . error RPAREN bloque_sentencias_ejecutables SEMICOLON  (88)
	sentencia_for : FOR LPAREN identificador_destino FROM factor TO . factor error bloque_sentencias_ejecutables SEMICOLON  (89)

	error  shift 258
	ID  shift 72
	STRING  shift 73
	INT16  shift 74
	FLOAT32  shift 75
	TOF  shift 76
	.  error

	factor  goto 259
	conversion_tof  goto 80
	invocacion_funcion  goto 81
	identificador_completo  goto 83


state 234
	declaracion_funcion : inicio_funcion error LPAREN parametros_formales RPAREN LBRACE . lista_sentencias_sin_return sentencia_return lista_sentencias RBRACE  (32)
	lista_sentencias_sin_return : .  (13)

	.  reduce 13

	lista_sentencias_sin_return  goto 260


state 235
	lista_sentencias_sin_return : lista_sentencias_sin_return . sentencia_declarativa  (14)
	lista_sentencias_sin_return : lista_sentencias_sin_return . sentencia_ejecutable_sin_return  (15)
	lista_sentencias_sin_return : lista_sentencias_sin_return . error SEMICOLON  (16)
	declaracion_funcion : inicio_funcion LPAREN error RPAREN LBRACE lista_sentencias_sin_return . sentencia_return lista_sentencias RBRACE  (33)

	error  shift 261
	ID  shift 13
	IF  shift 14
	PRINT  shift 15
	RETURN  shift 16
	VAR  shift 17
	FOR  shift 18
	LPAREN  shift 19
	INT_KW  shift 20
	FLOAT_KW  shift 21
	.  error

	encabezado_for  goto 22
	lambda_expresion  goto 262
	identificador_completo  goto 24
	identificador_destino  goto 25
	inicio_funcion  goto 26
	tipo  goto 27
	lista_variables_destino  goto 28
	lista_tipos  goto 29
	lambda_prefix  goto 30
	sentencia_declarativa  goto 263
	sentencia_ejecutable_sin_return  goto 264
	declaracion_funcion  goto 33
	declaracion_variable  goto 34
	sentencia_return  goto 265
	asignacion  goto 266
	sentencia_print  goto 267
	sentencia_if  goto 268
	sentencia_for  goto 269


state 236
	lista_sentencias_sin_return : lista_sentencias_sin_return . sentencia_declarativa  (14)
	lista_sentencias_sin_return : lista_sentencias_sin_return . sentencia_ejecutable_sin_return  (15)
	lista_sentencias_sin_return : lista_sentencias_sin_return . error SEMICOLON  (16)
	declaracion_funcion : inicio_funcion LPAREN parametros_formales error LBRACE lista_sentencias_sin_return . sentencia_return lista_sentencias RBRACE  (36)

	error  shift 261
	ID  shift 13
	IF  shift 14
	PRINT  shift 15
	RETURN  shift 16
	VAR  shift 17
	FOR  shift 18
	LPAREN  shift 19
	INT_KW  shift 20
	FLOAT_KW  shift 21
	.  error

	encabezado_for  goto 22
	lambda_expresion  goto 262
	identificador_completo  goto 24
	identificador_destino  goto 25
	inicio_funcion  goto 26
	tipo  goto 27
	lista_variables_destino  goto 28
	lista_tipos  goto 29
	lambda_prefix  goto 30
	sentencia_declarativa  goto 263
	sentencia_ejecutable_sin_return  goto 264
	declaracion_funcion  goto 33
	declaracion_variable  goto 34
	sentencia_return  goto 270
	asignacion  goto 266
	sentencia_print  goto 267
	sentencia_if  goto 268
	sentencia_for  goto 269


state 237
	lista_sentencias_sin_return : lista_sentencias_sin_return . sentencia_declarativa  (14)
	lista_sentencias_sin_return : lista_sentencias_sin_return . sentencia_ejecutable_sin_return  (15)
	lista_sentencias_sin_return : lista_sentencias_sin_return . error SEMICOLON  (16)
	declaracion_funcion : inicio_funcion LPAREN parametros_formales RPAREN error lista_sentencias_sin_return . sentencia_return lista_sentencias RBRACE  (34)

	error  shift 261
	ID  shift 13
	IF  shift 14
	PRINT  shift 15
	RETURN  shift 16
	VAR  shift 17
	FOR  shift 18
	LPAREN  shift 19
	INT_KW  shift 20
	FLOAT_KW  shift 21
	.  error

	encabezado_for  goto 22
	lambda_expresion  goto 262
	identificador_completo  goto 24
	identificador_destino  goto 25
	inicio_funcion  goto 26
	tipo  goto 27
	lista_variables_destino  goto 28
	lista_tipos  goto 29
	lambda_prefix  goto 30
	sentencia_declarativa  goto 263
	sentencia_ejecutable_sin_return  goto 264
	declaracion_funcion  goto 33
	declaracion_variable  goto 34
	sentencia_return  goto 271
	asignacion  goto 266
	sentencia_print  goto 267
	sentencia_if  goto 268
	sentencia_for  goto 269


state 238
	lista_sentencias_sin_return : lista_sentencias_sin_return . sentencia_declarativa  (14)
	lista_sentencias_sin_return : lista_sentencias_sin_return . sentencia_ejecutable_sin_return  (15)
	lista_sentencias_sin_return : lista_sentencias_sin_return . error SEMICOLON  (16)
	declaracion_funcion : inicio_funcion LPAREN parametros_formales RPAREN LBRACE lista_sentencias_sin_return . sentencia_return lista_sentencias RBRACE  (31)

	error  shift 261
	ID  shift 13
	IF  shift 14
	PRINT  shift 15
	RETURN  shift 16
	VAR  shift 17
	FOR  shift 18
	LPAREN  shift 19
	INT_KW  shift 20
	FLOAT_KW  shift 21
	.  error

	encabezado_for  goto 22
	lambda_expresion  goto 262
	identificador_completo  goto 24
	identificador_destino  goto 25
	inicio_funcion  goto 26
	tipo  goto 27
	lista_variables_destino  goto 28
	lista_tipos  goto 29
	lambda_prefix  goto 30
	sentencia_declarativa  goto 263
	sentencia_ejecutable_sin_return  goto 264
	declaracion_funcion  goto 33
	declaracion_variable  goto 34
	sentencia_return  goto 272
	asignacion  goto 266
	sentencia_print  goto 267
	sentencia_if  goto 268
	sentencia_for  goto 269


state 239
	lista_sentencias_sin_return : lista_sentencias_sin_return . sentencia_declarativa  (14)
	lista_sentencias_sin_return : lista_sentencias_sin_return . sentencia_ejecutable_sin_return  (15)
	lista_sentencias_sin_return : lista_sentencias_sin_return . error SEMICOLON  (16)
	declaracion_funcion : lista_tipos LPAREN parametros_formales RPAREN LBRACE lista_sentencias_sin_return . sentencia_return lista_sentencias error  (35)

	error  shift 261
	ID  shift 13
	IF  shift 14
	PRINT  shift 15
	RETURN  shift 16
	VAR  shift 17
	FOR  shift 18
	LPAREN  shift 19
	INT_KW  shift 20
	FLOAT_KW  shift 21
	.  error

	encabezado_for  goto 22
	lambda_expresion  goto 262
	identificador_completo  goto 24
	identificador_destino  goto 25
	inicio_funcion  goto 26
	tipo  goto 27
	lista_variables_destino  goto 28
	lista_tipos  goto 29
	lambda_prefix  goto 30
	sentencia_declarativa  goto 263
	sentencia_ejecutable_sin_return  goto 264
	declaracion_funcion  goto 33
	declaracion_variable  goto 34
	sentencia_return  goto 273
	asignacion  goto 266
	sentencia_print  goto 267
	sentencia_if  goto 268
	sentencia_for  goto 269


state 240
	if_simple : IF LPAREN condicion RPAREN . sentencia_ejecutable  (80)

	ID  shift 13
	IF  shift 14
	PRINT  shift 15
	RETURN  shift 16
	FOR  shift 18
	LPAREN  shift 19
	.  error

	encabezado_for  goto 22
	lambda_expresion  goto 23
	identificador_completo  goto 24
	identificador_destino  goto 25
	lista_variables_destino  goto 28
	lambda_prefix  goto 30
	sentencia_ejecutable  goto 274
	sentencia_return  goto 35
	asignacion  goto 36
	sentencia_print  goto 37
	sentencia_if  goto 38
	sentencia_for  goto 39


state 241
	lambda_argumento : ID .  (135)

	.  reduce 135


state 242
	lambda_argumento : INT16 .  (136)

	.  reduce 136


state 243
	lambda_argumento : FLOAT32 .  (137)

	.  reduce 137


state 244
	lambda_expresion : lambda_prefix error if_simple RBRACE LPAREN lambda_argumento . RPAREN  (132)

	RPAREN  shift 275
	.  error


state 245
	lambda_expresion : lambda_prefix LBRACE if_simple error LPAREN lambda_argumento . RPAREN  (133)

	RPAREN  shift 276
	.  error


state 246
	lambda_expresion : lambda_prefix LBRACE if_simple RBRACE LPAREN lambda_argumento . RPAREN  (131)
	lambda_expresion : lambda_prefix LBRACE if_simple RBRACE LPAREN lambda_argumento . error  (134)

	error  shift 277
	RPAREN  shift 278
	.  error


state 247
	parametro_real : expresion ARROW ID .  (128)

	.  reduce 128


state 248
	parametros_reales : parametros_reales COMMA parametro_real .  (127)

	.  reduce 127


state 249
	bloque_sentencias_ejecutables : LBRACE lista_sentencias_ejecutables RBRACE .  (70)

	.  reduce 70


state 250
	resto_if : ELSE $$1 . bloque_sentencias_ejecutables ENDIF SEMICOLON  (73)

	LBRACE  shift 185
	.  error

	bloque_sentencias_ejecutables  goto 279


state 251
	resto_if : ENDIF SEMICOLON .  (71)

	.  reduce 71


state 252
	sentencia_if : IF LPAREN condicion RPAREN $$2 bloque_sentencias_ejecutables resto_if .  (76)

	.  reduce 76


state 253
	sentencia_for : FOR error identificador_destino FROM factor TO factor . RPAREN bloque_sentencias_ejecutables SEMICOLON  (83)

	RPAREN  shift 280
	.  error


state 254
	sentencia_for : FOR LPAREN error FROM factor TO factor . RPAREN bloque_sentencias_ejecutables SEMICOLON  (84)

	RPAREN  shift 281
	.  error


state 255
	sentencia_for : FOR LPAREN identificador_destino error factor TO factor . RPAREN bloque_sentencias_ejecutables SEMICOLON  (85)

	RPAREN  shift 282
	.  error


state 256
	sentencia_for : FOR LPAREN identificador_destino FROM error TO factor . RPAREN bloque_sentencias_ejecutables SEMICOLON  (86)

	RPAREN  shift 283
	.  error


state 257
	sentencia_for : FOR LPAREN identificador_destino FROM factor error factor . RPAREN bloque_sentencias_ejecutables SEMICOLON  (87)

	RPAREN  shift 284
	.  error


state 258
	sentencia_for : FOR LPAREN identificador_destino FROM factor TO error . RPAREN bloque_sentencias_ejecutables SEMICOLON  (88)

	RPAREN  shift 285
	.  error


state 259
	encabezado_for : FOR LPAREN identificador_destino FROM factor TO factor . RPAREN  (81)
	sentencia_for : FOR LPAREN identificador_destino FROM factor TO factor . error bloque_sentencias_ejecutables SEMICOLON  (89)

	error  shift 286
	RPAREN  shift 287
	.  error


state 260
	lista_sentencias_sin_return : lista_sentencias_sin_return . sentencia_declarativa  (14)
	lista_sentencias_sin_return : lista_sentencias_sin_return . sentencia_ejecutable_sin_return  (15)
	lista_sentencias_sin_return : lista_sentencias_sin_return . error SEMICOLON  (16)
	declaracion_funcion : inicio_funcion error LPAREN parametros_formales RPAREN LBRACE lista_sentencias_sin_return . sentencia_return lista_sentencias RBRACE  (32)

	error  shift 261
	ID  shift 13
	IF  shift 14
	PRINT  shift 15
	RETURN  shift 16
	VAR  shift 17
	FOR  shift 18
	LPAREN  shift 19
	INT_KW  shift 20
	FLOAT_KW  shift 21
	.  error

	encabezado_for  goto 22
	lambda_expresion  goto 262
	identificador_completo  goto 24
	identificador_destino  goto 25
	inicio_funcion  goto 26
	tipo  goto 27
	lista_variables_destino  goto 28
	lista_tipos  goto 29
	lambda_prefix  goto 30
	sentencia_declarativa  goto 263
	sentencia_ejecutable_sin_return  goto 264
	declaracion_funcion  goto 33
	declaracion_variable  goto 34
	sentencia_return  goto 288
	asignacion  goto 266
	sentencia_print  goto 267
	sentencia_if  goto 268
	sentencia_for  goto 269


state 261
	lista_sentencias_sin_return : lista_sentencias_sin_return error . SEMICOLON  (16)

	SEMICOLON  shift 289
	.  error


state 262
	sentencia_ejecutable_sin_return : lambda_expresion .  (64)

	.  reduce 64


state 263
	lista_sentencias_sin_return : lista_sentencias_sin_return sentencia_declarativa .  (14)

	.  reduce 14


state 264
	lista_sentencias_sin_return : lista_sentencias_sin_return sentencia_ejecutable_sin_return .  (15)

	.  reduce 15


state 265
	declaracion_funcion : inicio_funcion LPAREN error RPAREN LBRACE lista_sentencias_sin_return sentencia_return . lista_sentencias RBRACE  (33)
	lista_sentencias : .  (9)

	.  reduce 9

	lista_sentencias  goto 290


state 266
	sentencia_ejecutable_sin_return : asignacion . SEMICOLON  (60)

	SEMICOLON  shift 291
	.  error


state 267
	sentencia_ejecutable_sin_return : sentencia_print . SEMICOLON  (61)

	SEMICOLON  shift 292
	.  error


state 268
	sentencia_ejecutable_sin_return : sentencia_if .  (62)

	.  reduce 62


state 269
	sentencia_ejecutable_sin_return : sentencia_for .  (63)

	.  reduce 63


state 270
	declaracion_funcion : inicio_funcion LPAREN parametros_formales error LBRACE lista_sentencias_sin_return sentencia_return . lista_sentencias RBRACE  (36)
	lista_sentencias : .  (9)

	.  reduce 9

	lista_sentencias  goto 293


state 271
	declaracion_funcion : inicio_funcion LPAREN parametros_formales RPAREN error lista_sentencias_sin_return sentencia_return . lista_sentencias RBRACE  (34)
	lista_sentencias : .  (9)

	.  reduce 9

	lista_sentencias  goto 294


state 272
	declaracion_funcion : inicio_funcion LPAREN parametros_formales RPAREN LBRACE lista_sentencias_sin_return sentencia_return . lista_sentencias RBRACE  (31)
	lista_sentencias : .  (9)

	.  reduce 9

	lista_sentencias  goto 295


state 273
	declaracion_funcion : lista_tipos LPAREN parametros_formales RPAREN LBRACE lista_sentencias_sin_return sentencia_return . lista_sentencias error  (35)
	lista_sentencias : .  (9)

	.  reduce 9

	lista_sentencias  goto 296


state 274
	if_simple : IF LPAREN condicion RPAREN sentencia_ejecutable .  (80)

	.  reduce 80


state 275
	lambda_expresion : lambda_prefix error if_simple RBRACE LPAREN lambda_argumento RPAREN .  (132)

	.  reduce 132


state 276
	lambda_expresion : lambda_prefix LBRACE if_simple error LPAREN lambda_argumento RPAREN .  (133)

	.  reduce 133


state 277
	lambda_expresion : lambda_prefix LBRACE if_simple RBRACE LPAREN lambda_argumento error .  (134)

	.  reduce 134


state 278
	lambda_expresion : lambda_prefix LBRACE if_simple RBRACE LPAREN lambda_argumento RPAREN .  (131)

	.  reduce 131


state 279
	resto_if : ELSE $$1 bloque_sentencias_ejecutables . ENDIF SEMICOLON  (73)

	ENDIF  shift 297
	.  error


state 280
	sentencia_for : FOR error identificador_destino FROM factor TO factor RPAREN . bloque_sentencias_ejecutables SEMICOLON  (83)

	LBRACE  shift 185
	.  error

	bloque_sentencias_ejecutables  goto 298


state 281
	sentencia_for : FOR LPAREN error FROM factor TO factor RPAREN . bloque_sentencias_ejecutables SEMICOLON  (84)

	LBRACE  shift 185
	.  error

	bloque_sentencias_ejecutables  goto 299


state 282
	sentencia_for : FOR LPAREN identificador_destino error factor TO factor RPAREN . bloque_sentencias_ejecutables SEMICOLON  (85)

	LBRACE  shift 185
	.  error

	bloque_sentencias_ejecutables  goto 300


state 283
	sentencia_for : FOR LPAREN identificador_destino FROM error TO factor RPAREN . bloque_sentencias_ejecutables SEMICOLON  (86)

	LBRACE  shift 185
	.  error

	bloque_sentencias_ejecutables  goto 301


state 284
	sentencia_for : FOR LPAREN identificador_destino FROM factor error factor RPAREN . bloque_sentencias_ejecutables SEMICOLON  (87)

	LBRACE  shift 185
	.  error

	bloque_sentencias_ejecutables  goto 302


state 285
	sentencia_for : FOR LPAREN identificador_destino FROM factor TO error RPAREN . bloque_sentencias_ejecutables SEMICOLON  (88)

	LBRACE  shift 185
	.  error

	bloque_sentencias_ejecutables  goto 303


state 286
	sentencia_for : FOR LPAREN identificador_destino FROM factor TO factor error . bloque_sentencias_ejecutables SEMICOLON  (89)

	LBRACE  shift 185
	.  error

	bloque_sentencias_ejecutables  goto 304


state 287
	encabezado_for : FOR LPAREN identificador_destino FROM factor TO factor RPAREN .  (81)

	.  reduce 81


state 288
	declaracion_funcion : inicio_funcion error LPAREN parametros_formales RPAREN LBRACE lista_sentencias_sin_return sentencia_return . lista_sentencias RBRACE  (32)
	lista_sentencias : .  (9)

	.  reduce 9

	lista_sentencias  goto 305


state 289
	lista_sentencias_sin_return : lista_sentencias_sin_return error SEMICOLON .  (16)

	.  reduce 16


state 290
	lista_sentencias : lista_sentencias . sentencia_declarativa  (10)
	lista_sentencias : lista_sentencias . sentencia_ejecutable  (11)
	lista_sentencias : lista_sentencias . error SEMICOLON  (12)
	declaracion_funcion : inicio_funcion LPAREN error RPAREN LBRACE lista_sentencias_sin_return sentencia_return lista_sentencias . RBRACE  (33)

	error  shift 40
	ID  shift 13
	IF  shift 14
	PRINT  shift 15
	RETURN  shift 16
	VAR  shift 17
	FOR  shift 18
	LPAREN  shift 19
	RBRACE  shift 306
	INT_KW  shift 20
	FLOAT_KW  shift 21
	.  error

	encabezado_for  goto 22
	lambda_expresion  goto 23
	identificador_completo  goto 24
	identificador_destino  goto 25
	inicio_funcion  goto 26
	tipo  goto 27
	lista_variables_destino  goto 28
	lista_tipos  goto 29
	lambda_prefix  goto 30
	sentencia_declarativa  goto 31
	sentencia_ejecutable  goto 32
	declaracion_funcion  goto 33
	declaracion_variable  goto 34
	sentencia_return  goto 35
	asignacion  goto 36
	sentencia_print  goto 37
	sentencia_if  goto 38
	sentencia_for  goto 39


state 291
	sentencia_ejecutable_sin_return : asignacion SEMICOLON .  (60)

	.  reduce 60


state 292
	sentencia_ejecutable_sin_return : sentencia_print SEMICOLON .  (61)

	.  reduce 61


state 293
	lista_sentencias : lista_sentencias . sentencia_declarativa  (10)
	lista_sentencias : lista_sentencias . sentencia_ejecutable  (11)
	lista_sentencias : lista_sentencias . error SEMICOLON  (12)
	declaracion_funcion : inicio_funcion LPAREN parametros_formales error LBRACE lista_sentencias_sin_return sentencia_return lista_sentencias . RBRACE  (36)

	error  shift 40
	ID  shift 13
	IF  shift 14
	PRINT  shift 15
	RETURN  shift 16
	VAR  shift 17
	FOR  shift 18
	LPAREN  shift 19
	RBRACE  shift 307
	INT_KW  shift 20
	FLOAT_KW  shift 21
	.  error

	encabezado_for  goto 22
	lambda_expresion  goto 23
	identificador_completo  goto 24
	identificador_destino  goto 25
	inicio_funcion  goto 26
	tipo  goto 27
	lista_variables_destino  goto 28
	lista_tipos  goto 29
	lambda_prefix  goto 30
	sentencia_declarativa  goto 31
	sentencia_ejecutable  goto 32
	declaracion_funcion  goto 33
	declaracion_variable  goto 34
	sentencia_return  goto 35
	asignacion  goto 36
	sentencia_print  goto 37
	sentencia_if  goto 38
	sentencia_for  goto 39


state 294
	lista_sentencias : lista_sentencias . sentencia_declarativa  (10)
	lista_sentencias : lista_sentencias . sentencia_ejecutable  (11)
	lista_sentencias : lista_sentencias . error SEMICOLON  (12)
	declaracion_funcion : inicio_funcion LPAREN parametros_formales RPAREN error lista_sentencias_sin_return sentencia_return lista_sentencias . RBRACE  (34)

	error  shift 40
	ID  shift 13
	IF  shift 14
	PRINT  shift 15
	RETURN  shift 16
	VAR  shift 17
	FOR  shift 18
	LPAREN  shift 19
	RBRACE  shift 308
	INT_KW  shift 20
	FLOAT_KW  shift 21
	.  error

	encabezado_for  goto 22
	lambda_expresion  goto 23
	identificador_completo  goto 24
	identificador_destino  goto 25
	inicio_funcion  goto 26
	tipo  goto 27
	lista_variables_destino  goto 28
	lista_tipos  goto 29
	lambda_prefix  goto 30
	sentencia_declarativa  goto 31
	sentencia_ejecutable  goto 32
	declaracion_funcion  goto 33
	declaracion_variable  goto 34
	sentencia_return  goto 35
	asignacion  goto 36
	sentencia_print  goto 37
	sentencia_if  goto 38
	sentencia_for  goto 39


state 295
	lista_sentencias : lista_sentencias . sentencia_declarativa  (10)
	lista_sentencias : lista_sentencias . sentencia_ejecutable  (11)
	lista_sentencias : lista_sentencias . error SEMICOLON  (12)
	declaracion_funcion : inicio_funcion LPAREN parametros_formales RPAREN LBRACE lista_sentencias_sin_return sentencia_return lista_sentencias . RBRACE  (31)

	error  shift 40
	ID  shift 13
	IF  shift 14
	PRINT  shift 15
	RETURN  shift 16
	VAR  shift 17
	FOR  shift 18
	LPAREN  shift 19
	RBRACE  shift 309
	INT_KW  shift 20
	FLOAT_KW  shift 21
	.  error

	encabezado_for  goto 22
	lambda_expresion  goto 23
	identificador_completo  goto 24
	identificador_destino  goto 25
	inicio_funcion  goto 26
	tipo  goto 27
	lista_variables_destino  goto 28
	lista_tipos  goto 29
	lambda_prefix  goto 30
	sentencia_declarativa  goto 31
	sentencia_ejecutable  goto 32
	declaracion_funcion  goto 33
	declaracion_variable  goto 34
	sentencia_return  goto 35
	asignacion  goto 36
	sentencia_print  goto 37
	sentencia_if  goto 38
	sentencia_for  goto 39


state 296
	lista_sentencias : lista_sentencias . sentencia_declarativa  (10)
	lista_sentencias : lista_sentencias . sentencia_ejecutable  (11)
	lista_sentencias : lista_sentencias . error SEMICOLON  (12)
	declaracion_funcion : lista_tipos LPAREN parametros_formales RPAREN LBRACE lista_sentencias_sin_return sentencia_return lista_sentencias . error  (35)

	error  shift 310
	ID  shift 13
	IF  shift 14
	PRINT  shift 15
	RETURN  shift 16
	VAR  shift 17
	FOR  shift 18
	LPAREN  shift 19
	INT_KW  shift 20
	FLOAT_KW  shift 21
	.  error

	encabezado_for  goto 22
	lambda_expresion  goto 23
	identificador_completo  goto 24
	identificador_destino  goto 25
	inicio_funcion  goto 26
	tipo  goto 27
	lista_variables_destino  goto 28
	lista_tipos  goto 29
	lambda_prefix  goto 30
	sentencia_declarativa  goto 31
	sentencia_ejecutable  goto 32
	declaracion_funcion  goto 33
	declaracion_variable  goto 34
	sentencia_return  goto 35
	asignacion  goto 36
	sentencia_print  goto 37
	sentencia_if  goto 38
	sentencia_for  goto 39


state 297
	resto_if : ELSE $$1 bloque_sentencias_ejecutables ENDIF . SEMICOLON  (73)

	SEMICOLON  shift 311
	.  error


state 298
	sentencia_for : FOR error identificador_destino FROM factor TO factor RPAREN bloque_sentencias_ejecutables . SEMICOLON  (83)

	SEMICOLON  shift 312
	.  error


state 299
	sentencia_for : FOR LPAREN error FROM factor TO factor RPAREN bloque_sentencias_ejecutables . SEMICOLON  (84)

	SEMICOLON  shift 313
	.  error


state 300
	sentencia_for : FOR LPAREN identificador_destino error factor TO factor RPAREN bloque_sentencias_ejecutables . SEMICOLON  (85)

	SEMICOLON  shift 314
	.  error


state 301
	sentencia_for : FOR LPAREN identificador_destino FROM error TO factor RPAREN bloque_sentencias_ejecutables . SEMICOLON  (86)

	SEMICOLON  shift 315
	.  error


state 302
	sentencia_for : FOR LPAREN identificador_destino FROM factor error factor RPAREN bloque_sentencias_ejecutables . SEMICOLON  (87)

	SEMICOLON  shift 316
	.  error


state 303
	sentencia_for : FOR LPAREN identificador_destino FROM factor TO error RPAREN bloque_sentencias_ejecutables . SEMICOLON  (88)

	SEMICOLON  shift 317
	.  error


state 304
	sentencia_for : FOR LPAREN identificador_destino FROM factor TO factor error bloque_sentencias_ejecutables . SEMICOLON  (89)

	SEMICOLON  shift 318
	.  error


state 305
	lista_sentencias : lista_sentencias . sentencia_declarativa  (10)
	lista_sentencias : lista_sentencias . sentencia_ejecutable  (11)
	lista_sentencias : lista_sentencias . error SEMICOLON  (12)
	declaracion_funcion : inicio_funcion error LPAREN parametros_formales RPAREN LBRACE lista_sentencias_sin_return sentencia_return lista_sentencias . RBRACE  (32)

	error  shift 40
	ID  shift 13
	IF  shift 14
	PRINT  shift 15
	RETURN  shift 16
	VAR  shift 17
	FOR  shift 18
	LPAREN  shift 19
	RBRACE  shift 319
	INT_KW  shift 20
	FLOAT_KW  shift 21
	.  error

	encabezado_for  goto 22
	lambda_expresion  goto 23
	identificador_completo  goto 24
	identificador_destino  goto 25
	inicio_funcion  goto 26
	tipo  goto 27
	lista_variables_destino  goto 28
	lista_tipos  goto 29
	lambda_prefix  goto 30
	sentencia_declarativa  goto 31
	sentencia_ejecutable  goto 32
	declaracion_funcion  goto 33
	declaracion_variable  goto 34
	sentencia_return  goto 35
	asignacion  goto 36
	sentencia_print  goto 37
	sentencia_if  goto 38
	sentencia_for  goto 39


state 306
	declaracion_funcion : inicio_funcion LPAREN error RPAREN LBRACE lista_sentencias_sin_return sentencia_return lista_sentencias RBRACE .  (33)

	.  reduce 33


state 307
	declaracion_funcion : inicio_funcion LPAREN parametros_formales error LBRACE lista_sentencias_sin_return sentencia_return lista_sentencias RBRACE .  (36)

	.  reduce 36


state 308
	declaracion_funcion : inicio_funcion LPAREN parametros_formales RPAREN error lista_sentencias_sin_return sentencia_return lista_sentencias RBRACE .  (34)

	.  reduce 34


state 309
	declaracion_funcion : inicio_funcion LPAREN parametros_formales RPAREN LBRACE lista_sentencias_sin_return sentencia_return lista_sentencias RBRACE .  (31)

	.  reduce 31


state 310
	lista_sentencias : lista_sentencias error . SEMICOLON  (12)
	declaracion_funcion : lista_tipos LPAREN parametros_formales RPAREN LBRACE lista_sentencias_sin_return sentencia_return lista_sentencias error .  (35)

	SEMICOLON  shift 44
	error  reduce 35
	ID  reduce 35
	IF  reduce 35
	PRINT  reduce 35
	RETURN  reduce 35
	VAR  reduce 35
	FOR  reduce 35
	LPAREN  reduce 35
	RBRACE  reduce 35
	INT_KW  reduce 35
	FLOAT_KW  reduce 35


state 311
	resto_if : ELSE $$1 bloque_sentencias_ejecutables ENDIF SEMICOLON .  (73)

	.  reduce 73


state 312
	sentencia_for : FOR error identificador_destino FROM factor TO factor RPAREN bloque_sentencias_ejecutables SEMICOLON .  (83)

	.  reduce 83


state 313
	sentencia_for : FOR LPAREN error FROM factor TO factor RPAREN bloque_sentencias_ejecutables SEMICOLON .  (84)

	.  reduce 84


state 314
	sentencia_for : FOR LPAREN identificador_destino error factor TO factor RPAREN bloque_sentencias_ejecutables SEMICOLON .  (85)

	.  reduce 85


state 315
	sentencia_for : FOR LPAREN identificador_destino FROM error TO factor RPAREN bloque_sentencias_ejecutables SEMICOLON .  (86)

	.  reduce 86


state 316
	sentencia_for : FOR LPAREN identificador_destino FROM factor error factor RPAREN bloque_sentencias_ejecutables SEMICOLON .  (87)

	.  reduce 87


state 317
	sentencia_for : FOR LPAREN identificador_destino FROM factor TO error RPAREN bloque_sentencias_ejecutables SEMICOLON .  (88)

	.  reduce 88


state 318
	sentencia_for : FOR LPAREN identificador_destino FROM factor TO factor error bloque_sentencias_ejecutables SEMICOLON .  (89)

	.  reduce 89


state 319
	declaracion_funcion : inicio_funcion error LPAREN parametros_formales RPAREN LBRACE lista_sentencias_sin_return sentencia_return lista_sentencias RBRACE .  (32)

	.  reduce 32


45 terminals, 46 nonterminals
138 grammar rules, 320 states
